SF:C:\Users\Administrator\WorkBuddy\Claw\src-tmp\packages\adapter-vite\src\build-context.ts
FN:34,<instance_members_initializer>
FN:61,<instance_members_initializer>
FN:67,<instance_members_initializer>
FN:115,<instance_members_initializer>
FN:145,<instance_members_initializer>
FN:152,completePhase1
FN:159,completePhase2
FN:169,completePhase3
FN:192,LessBuildContext
FN:197,reset
FNDA:41,<instance_members_initializer>
FNDA:41,<instance_members_initializer>
FNDA:41,<instance_members_initializer>
FNDA:41,<instance_members_initializer>
FNDA:41,<instance_members_initializer>
FNDA:4,completePhase1
FNDA:0,completePhase2
FNDA:4,completePhase3
FNDA:41,LessBuildContext
FNDA:4,reset
FNF:10
FNH:9
BRDA:170,8,0,0
BRDA:170,8,1,4
BRF:2
BRH:1
DA:32,3
DA:34,3
DA:37,41
DA:40,41
DA:43,41
DA:46,41
DA:49,41
DA:52,41
DA:55,3
DA:56,3
DA:59,3
DA:61,3
DA:62,3
DA:65,3
DA:67,3
DA:70,41
DA:73,41
DA:76,41
DA:79,41
DA:82,41
DA:85,41
DA:88,41
DA:91,41
DA:94,41
DA:97,41
DA:100,41
DA:103,41
DA:106,41
DA:109,3
DA:110,3
DA:113,3
DA:115,3
DA:118,41
DA:121,41
DA:124,41
DA:126,41
DA:129,41
DA:132,41
DA:135,3
DA:139,3
DA:140,3
DA:143,3
DA:144,3
DA:145,3
DA:149,41
DA:152,41
DA:153,4
DA:154,4
DA:155,4
DA:156,4
DA:159,0
DA:160,0
DA:161,0
DA:162,0
DA:163,0
DA:164,0
DA:165,0
DA:166,0
DA:169,41
DA:170,0
DA:171,0
DA:172,0
DA:173,4
DA:174,4
DA:175,4
DA:176,4
DA:178,41
DA:181,41
DA:184,41
DA:187,41
DA:190,3
DA:192,3
DA:193,41
DA:194,41
DA:197,3
DA:198,4
DA:199,4
DA:200,4
DA:201,4
DA:202,4
DA:203,4
DA:204,4
DA:205,4
DA:208,4
DA:209,4
DA:210,4
DA:211,4
DA:212,4
DA:213,4
DA:214,4
DA:215,4
DA:216,4
DA:217,4
DA:218,4
DA:219,4
DA:220,4
DA:221,4
DA:222,4
DA:223,4
DA:224,4
DA:225,4
DA:226,4
DA:227,4
DA:228,4
DA:229,4
DA:230,4
DA:231,4
DA:232,3
LH:97
LF:108
end_of_record
SF:C:\Users\Administrator\WorkBuddy\Claw\src-tmp\packages\adapter-vite\src\build-manifest.ts
FN:49,formatSize
FN:59,collectFiles
FN:93,scanClientBuild
FN:142,scanSSGOutput
FN:156,printBuildManifest
FNDA:53,formatSize
FNDA:9,collectFiles
FNDA:16,scanClientBuild
FNDA:6,scanSSGOutput
FNDA:11,printBuildManifest
FNF:5
FNH:5
BRDA:50,1,0,35
BRDA:50,1,1,18
BRDA:51,1,0,7
BRDA:51,1,1,11
BRDA:52,1,0,8
BRDA:52,1,1,3
BRDA:65,2,0,1
BRDA:65,2,1,8
BRDA:68,2,0,32
BRDA:70,2,0,3
BRDA:70,2,1,29
BRDA:71,2,0,3
BRDA:71,2,1,29
BRDA:73,2,0,29
BRDA:73,2,1,27
BRDA:82,2,0,0
BRDA:82,2,1,27
BRDA:86,2,0,8
BRDA:86,2,1,1
BRDA:104,3,0,8
BRDA:104,3,1,8
BRDA:106,3,0,16
BRDA:107,3,0,2
BRDA:107,3,1,14
BRDA:111,3,0,3
BRDA:111,3,1,13
BRDA:119,3,0,11
BRDA:119,3,1,5
BRDA:128,3,0,14
BRDA:128,3,1,2
BRDA:130,3,0,0
BRDA:130,3,1,16
BRDA:167,5,0,4
BRDA:167,5,1,7
BRDA:178,5,0,6
BRDA:178,5,1,5
BRDA:179,5,0,4
BRDA:179,5,1,2
BRDA:185,5,0,2
BRDA:185,5,1,9
BRDA:194,5,0,24
BRDA:195,5,0,1
BRDA:195,5,1,23
BRDA:223,5,0,6
BRDA:223,5,1,5
BRDA:229,5,0,6
BRDA:231,5,0,0
BRDA:231,5,1,6
BRDA:235,5,0,1
BRDA:235,5,1,4
BRDA:244,5,0,6
BRDA:244,5,1,5
BRDA:249,5,0,4
BRDA:249,5,1,4
BRDA:259,5,0,19
BRDA:260,5,0,0
BRDA:260,5,1,19
BRDA:263,5,0,1
BRDA:263,5,1,3
BRDA:269,5,0,1
BRDA:269,5,1,10
BRDA:278,5,0,4
BRDA:278,5,1,7
BRDA:280,5,0,7
BRDA:283,5,0,7
BRDA:283,5,1,4
BRF:66
BRH:62
DA:18,2
DA:19,2
DA:20,2
DA:22,2
DA:49,2
DA:50,53
DA:51,53
DA:52,53
DA:53,3
DA:54,53
DA:59,2
DA:60,2
DA:61,2
DA:62,2
DA:64,9
DA:65,9
DA:67,8
DA:68,9
DA:69,32
DA:70,32
DA:71,32
DA:72,3
DA:73,32
DA:74,27
DA:75,27
DA:76,27
DA:77,27
DA:78,27
DA:79,27
DA:80,27
DA:81,27
DA:82,0
DA:83,0
DA:84,0
DA:85,27
DA:86,32
DA:87,8
DA:88,9
DA:93,2
DA:94,2
DA:95,2
DA:97,16
DA:98,16
DA:99,16
DA:100,16
DA:102,16
DA:103,16
DA:104,16
DA:105,8
DA:106,8
DA:107,16
DA:108,14
DA:109,14
DA:110,14
DA:111,16
DA:113,3
DA:114,3
DA:115,3
DA:116,3
DA:117,3
DA:118,3
DA:119,16
DA:121,11
DA:122,11
DA:123,11
DA:124,11
DA:125,11
DA:126,11
DA:127,11
DA:128,11
DA:129,14
DA:130,0
DA:131,0
DA:132,0
DA:133,16
DA:134,8
DA:136,16
DA:137,16
DA:142,2
DA:143,2
DA:144,2
DA:146,6
DA:147,6
DA:148,6
DA:156,2
DA:161,2
DA:162,11
DA:163,11
DA:166,11
DA:167,11
DA:168,11
DA:171,11
DA:172,11
DA:173,11
DA:175,11
DA:178,11
DA:179,6
DA:180,4
DA:181,4
DA:182,6
DA:185,11
DA:186,2
DA:187,2
DA:188,2
DA:189,2
DA:191,2
DA:194,11
DA:195,24
DA:196,1
DA:197,1
DA:199,1
DA:200,24
DA:202,11
DA:203,11
DA:204,11
DA:205,11
DA:206,11
DA:207,11
DA:208,11
DA:209,11
DA:210,11
DA:211,11
DA:212,11
DA:214,11
DA:215,11
DA:216,11
DA:217,11
DA:218,11
DA:220,11
DA:223,11
DA:224,5
DA:225,5
DA:226,5
DA:227,5
DA:229,5
DA:231,6
DA:232,6
DA:233,6
DA:235,5
DA:236,1
DA:237,1
DA:239,1
DA:241,5
DA:242,5
DA:243,5
DA:244,11
DA:245,6
DA:246,6
DA:249,11
DA:250,4
DA:251,4
DA:252,4
DA:253,4
DA:257,4
DA:258,4
DA:259,4
DA:260,4
DA:261,19
DA:262,19
DA:263,4
DA:264,4
DA:265,1
DA:266,4
DA:269,11
DA:270,11
DA:271,11
DA:272,11
DA:273,11
DA:275,1
DA:278,11
DA:279,11
DA:280,4
DA:281,4
DA:282,7
DA:283,11
DA:284,7
DA:285,7
DA:287,11
DA:289,11
DA:290,11
LH:174
LF:180
end_of_record
SF:C:\Users\Administrator\WorkBuddy\Claw\src-tmp\packages\adapter-vite\src\build.ts
FN:31,<instance_members_initializer>
FN:34,run
FN:43,<instance_members_initializer>
FN:46,run
FN:54,buildPlugin
FN:63,configResolved
FN:69,closeBundle
FNDA:0,<instance_members_initializer>
FNDA:0,run
FNDA:4,<instance_members_initializer>
FNDA:4,run
FNDA:39,buildPlugin
FNDA:6,configResolved
FNDA:5,closeBundle
FNF:7
FNH:5
BRDA:49,4,0,0
BRDA:49,4,1,4
BRDA:55,5,0,1
BRDA:55,5,1,38
BRDA:65,6,0,0
BRDA:65,6,1,6
BRDA:66,6,0,1
BRDA:66,6,1,5
BRDA:71,7,0,1
BRDA:71,7,1,4
BRDA:76,7,0,1
BRDA:76,7,1,3
BRDA:77,7,0,0
BRDA:77,7,1,3
BRDA:86,7,0,4
BRDA:86,7,1,1
BRDA:92,7,0,3
BRDA:92,7,1,1
BRDA:93,7,0,3
BRDA:93,7,1,1
BRDA:95,7,0,3
BRDA:95,7,1,1
BRDA:96,7,0,3
BRDA:96,7,1,1
BRDA:98,7,0,1
BRDA:98,7,1,3
BRDA:101,7,0,3
BRDA:101,7,1,1
BRDA:104,7,0,4
BRDA:104,7,1,4
BRDA:105,7,0,4
BRDA:105,7,1,4
BRDA:105,7,2,4
BRDA:117,7,0,4
BRDA:117,7,1,1
BRDA:120,7,0,0
BRDA:120,7,1,4
BRDA:126,7,0,0
BRDA:126,7,1,4
BRDA:128,7,0,0
BRDA:128,7,1,4
BRDA:131,7,0,0
BRDA:131,7,1,4
BRDA:139,7,0,0
BRDA:139,7,1,5
BRDA:79,8,0,1
BRDA:79,8,1,1
BRF:47
BRH:39
DA:16,2
DA:17,2
DA:18,2
DA:20,2
DA:29,2
DA:30,2
DA:31,0
DA:32,0
DA:34,0
DA:35,0
DA:36,0
DA:37,0
DA:38,0
DA:39,2
DA:41,2
DA:42,2
DA:43,2
DA:44,2
DA:46,2
DA:47,4
DA:48,4
DA:49,4
DA:50,0
DA:51,2
DA:54,2
DA:55,39
DA:57,39
DA:58,39
DA:60,39
DA:61,39
DA:63,39
DA:64,6
DA:65,6
DA:66,6
DA:67,39
DA:69,39
DA:71,5
DA:73,4
DA:75,4
DA:76,5
DA:77,5
DA:78,5
DA:79,2
DA:80,1
DA:81,1
DA:82,1
DA:83,5
DA:86,5
DA:87,4
DA:88,4
DA:89,4
DA:90,4
DA:91,4
DA:92,4
DA:93,4
DA:94,4
DA:95,4
DA:96,4
DA:97,4
DA:98,4
DA:99,4
DA:100,4
DA:101,4
DA:102,4
DA:104,5
DA:105,5
DA:107,5
DA:110,5
DA:113,5
DA:114,5
DA:116,5
DA:117,5
DA:120,0
DA:122,4
DA:123,4
DA:124,4
DA:125,4
DA:126,4
DA:128,0
DA:129,0
DA:130,0
DA:131,0
DA:132,0
DA:133,0
DA:134,0
DA:135,0
DA:136,4
DA:137,4
DA:138,4
DA:139,4
DA:141,0
DA:144,0
DA:145,0
DA:146,0
DA:147,0
DA:148,0
DA:149,0
DA:150,0
DA:151,0
DA:152,0
DA:153,0
DA:154,0
DA:155,0
DA:156,0
DA:157,0
DA:158,0
DA:159,0
DA:160,0
DA:161,0
DA:162,0
DA:163,0
DA:164,0
DA:165,0
DA:166,0
DA:167,0
DA:168,0
DA:169,0
DA:170,0
DA:171,0
DA:172,0
DA:173,0
DA:175,0
DA:176,0
DA:177,39
DA:178,39
LH:75
LF:125
end_of_record
SF:C:\Users\Administrator\WorkBuddy\Claw\src-tmp\packages\adapter-vite\src\cli\build-ssg.ts
FN:39,optionalPackageStubsPlugin
FN:112,buildSSG
FN:229,resolveId
FN:232,load
FN:245,resolveId
FN:249,load
FN:284,resolveId
FN:287,load
FNDA:0,optionalPackageStubsPlugin
FNDA:4,buildSSG
FNDA:0,resolveId
FNDA:0,load
FNDA:0,resolveId
FNDA:0,load
FNDA:0,resolveId
FNDA:0,load
FNF:8
FNH:1
BRDA:113,2,0,0
BRDA:113,2,1,4
BRDA:114,2,0,0
BRDA:114,2,1,4
BRDA:115,2,0,0
BRDA:115,2,1,4
BRDA:116,2,0,0
BRDA:116,2,1,4
BRDA:119,2,0,0
BRDA:119,2,1,4
BRDA:120,2,0,0
BRDA:120,2,1,4
BRDA:125,2,0,3
BRDA:125,2,1,1
BRDA:126,2,0,3
BRDA:126,2,1,1
BRDA:127,2,0,3
BRDA:127,2,1,1
BRDA:141,2,0,0
BRDA:141,2,1,4
BRDA:155,2,0,0
BRDA:155,2,1,4
BRDA:159,2,0,0
BRDA:159,2,1,4
BRDA:176,2,0,0
BRDA:176,2,1,4
BRDA:181,2,0,0
BRDA:181,2,1,4
BRDA:215,2,0,0
BRDA:215,2,1,4
BRDA:299,2,0,0
BRDA:299,2,1,4
BRDA:301,2,0,0
BRDA:301,2,1,4
BRDA:332,2,0,0
BRDA:332,2,1,0
BRDA:356,2,0,0
BRDA:356,2,1,4
BRDA:358,2,0,0
BRDA:358,2,1,4
BRDA:376,2,0,0
BRDA:376,2,1,4
BRDA:380,2,0,0
BRDA:380,2,1,4
BRF:44
BRH:24
DA:17,1
DA:18,1
DA:19,1
DA:24,1
DA:25,1
DA:26,1
DA:27,1
DA:29,1
DA:31,1
DA:32,1
DA:39,0
DA:40,0
DA:41,0
DA:42,0
DA:43,0
DA:44,0
DA:48,0
DA:49,0
DA:50,0
DA:51,0
DA:52,0
DA:53,0
DA:56,0
DA:57,0
DA:58,0
DA:59,0
DA:61,0
DA:62,0
DA:63,0
DA:64,0
DA:65,0
DA:67,0
DA:68,0
DA:69,0
DA:70,0
DA:71,0
DA:72,0
DA:73,0
DA:74,0
DA:75,0
DA:76,0
DA:77,0
DA:78,0
DA:112,4
DA:113,4
DA:114,4
DA:115,4
DA:116,4
DA:119,4
DA:120,4
DA:121,4
DA:122,4
DA:125,4
DA:126,4
DA:127,4
DA:128,4
DA:129,4
DA:130,4
DA:131,4
DA:132,4
DA:135,4
DA:136,4
DA:138,4
DA:139,4
DA:140,4
DA:141,4
DA:142,4
DA:143,4
DA:145,4
DA:146,4
DA:147,4
DA:148,4
DA:149,4
DA:150,4
DA:151,4
DA:152,4
DA:153,4
DA:154,4
DA:155,0
DA:156,4
DA:158,4
DA:159,4
DA:162,0
DA:163,0
DA:164,0
DA:165,0
DA:166,0
DA:167,0
DA:168,0
DA:169,0
DA:170,0
DA:171,0
DA:172,0
DA:173,0
DA:174,0
DA:175,0
DA:176,0
DA:177,4
DA:179,4
DA:180,4
DA:181,0
DA:182,0
DA:183,0
DA:184,0
DA:185,0
DA:186,0
DA:187,0
DA:188,0
DA:189,0
DA:195,0
DA:196,0
DA:198,0
DA:199,0
DA:200,0
DA:201,0
DA:202,0
DA:203,0
DA:204,0
DA:205,0
DA:206,0
DA:207,0
DA:208,0
DA:209,0
DA:214,0
DA:215,0
DA:216,0
DA:217,4
DA:218,4
DA:219,4
DA:220,4
DA:221,4
DA:222,4
DA:223,4
DA:224,4
DA:227,4
DA:228,4
DA:229,0
DA:230,0
DA:231,0
DA:232,0
DA:233,0
DA:234,0
DA:235,4
DA:236,4
DA:240,4
DA:242,4
DA:243,4
DA:244,4
DA:245,0
DA:246,0
DA:247,0
DA:248,0
DA:249,0
DA:251,0
DA:252,0
DA:253,0
DA:254,0
DA:255,0
DA:257,0
DA:258,0
DA:259,0
DA:260,0
DA:261,0
DA:262,0
DA:263,0
DA:264,0
DA:265,0
DA:266,0
DA:267,0
DA:268,0
DA:269,0
DA:270,0
DA:271,0
DA:272,0
DA:273,0
DA:274,4
DA:277,4
DA:280,4
DA:281,4
DA:282,4
DA:283,4
DA:284,0
DA:285,0
DA:286,0
DA:287,0
DA:288,0
DA:289,0
DA:290,0
DA:291,0
DA:292,0
DA:293,0
DA:294,4
DA:295,4
DA:296,4
DA:297,4
DA:298,4
DA:299,0
DA:300,4
DA:301,4
DA:303,0
DA:310,0
DA:311,0
DA:312,0
DA:313,0
DA:314,0
DA:315,0
DA:318,0
DA:319,0
DA:320,0
DA:321,0
DA:322,0
DA:323,0
DA:324,0
DA:325,0
DA:326,0
DA:327,0
DA:328,0
DA:329,0
DA:332,0
DA:333,0
DA:334,0
DA:335,0
DA:336,0
DA:339,0
DA:340,0
DA:342,0
DA:343,0
DA:344,0
DA:346,0
DA:347,0
DA:348,0
DA:349,0
DA:350,0
DA:351,0
DA:354,0
DA:355,0
DA:356,0
DA:357,0
DA:358,4
DA:360,0
DA:361,0
DA:362,0
DA:364,0
DA:365,0
DA:366,0
DA:367,0
DA:368,0
DA:369,4
DA:370,4
DA:371,4
DA:372,4
DA:373,4
DA:374,4
DA:375,4
DA:376,4
DA:378,0
DA:379,0
DA:380,4
DA:381,4
DA:382,4
DA:383,4
DA:385,1
LH:94
LF:262
end_of_record
SF:C:\Users\Administrator\WorkBuddy\Claw\src-tmp\packages\adapter-vite\src\cli\ssg-render.ts
FN:60,findHtmlFiles
FN:80,ssgRender
FNDA:0,findHtmlFiles
FNDA:0,ssgRender
FNF:2
FNH:0
BRF:0
BRH:0
DA:11,1
DA:12,1
DA:13,1
DA:14,1
DA:15,1
DA:16,1
DA:17,1
DA:18,1
DA:19,1
DA:20,1
DA:21,1
DA:23,1
DA:25,1
DA:60,0
DA:61,0
DA:62,0
DA:63,0
DA:64,0
DA:65,0
DA:66,0
DA:67,0
DA:68,0
DA:69,0
DA:70,0
DA:71,0
DA:72,0
DA:74,0
DA:75,0
DA:76,0
DA:80,0
DA:81,0
DA:82,0
DA:83,0
DA:85,0
DA:86,0
DA:87,0
DA:90,0
DA:96,0
DA:99,0
DA:103,0
DA:104,0
DA:105,0
DA:106,0
DA:107,0
DA:108,0
DA:111,0
DA:112,0
DA:113,0
DA:114,0
DA:116,0
DA:117,0
DA:118,0
DA:119,0
DA:120,0
DA:121,0
DA:122,0
DA:124,0
DA:125,0
DA:127,0
DA:128,0
DA:129,0
DA:130,0
DA:132,0
DA:133,0
DA:134,0
DA:135,0
DA:136,0
DA:138,0
DA:139,0
DA:140,0
DA:141,0
DA:142,0
DA:143,0
DA:144,0
DA:146,0
DA:147,0
DA:148,0
DA:149,0
DA:150,0
DA:151,0
DA:152,0
DA:153,0
DA:154,0
DA:155,0
DA:157,0
DA:158,0
DA:159,0
DA:160,0
DA:163,0
DA:164,0
DA:165,0
DA:167,0
DA:168,0
DA:169,0
DA:170,0
DA:171,0
DA:172,0
DA:173,0
DA:174,0
DA:175,0
DA:176,0
DA:177,0
DA:178,0
DA:179,0
DA:180,0
DA:181,0
DA:182,0
DA:183,0
DA:184,0
DA:185,0
DA:187,0
DA:188,0
DA:189,0
DA:191,0
DA:195,0
DA:196,0
DA:197,0
DA:198,0
DA:199,0
DA:200,0
DA:201,0
DA:202,0
DA:203,0
DA:204,0
DA:205,0
DA:206,0
DA:207,0
DA:208,0
DA:209,0
DA:211,0
DA:212,0
DA:213,0
DA:214,0
DA:215,0
DA:216,0
DA:217,0
DA:218,0
DA:219,0
DA:220,0
DA:221,0
DA:222,0
DA:223,0
DA:225,0
DA:228,0
DA:229,0
DA:230,0
DA:231,0
DA:232,0
DA:233,0
DA:234,0
DA:235,0
DA:236,0
DA:237,0
DA:238,0
DA:239,0
DA:240,0
DA:241,0
DA:242,0
DA:243,0
DA:244,0
DA:246,0
DA:247,0
DA:248,0
DA:249,0
DA:250,0
DA:251,0
DA:252,0
DA:253,0
DA:254,0
DA:255,0
DA:256,0
DA:257,0
DA:258,0
DA:259,0
DA:260,0
DA:261,0
DA:262,0
DA:263,0
DA:264,0
DA:265,0
DA:266,0
DA:267,0
DA:268,0
DA:269,0
DA:271,0
DA:272,0
DA:273,0
DA:274,0
DA:275,0
DA:276,0
DA:279,0
DA:280,0
DA:281,0
DA:282,0
DA:283,0
DA:284,0
DA:285,0
DA:286,0
DA:288,0
DA:289,0
DA:291,0
DA:292,0
DA:293,0
DA:294,0
DA:296,0
DA:297,0
DA:298,0
DA:299,0
DA:300,0
DA:301,0
DA:302,0
DA:304,0
DA:305,0
DA:306,0
DA:307,0
DA:308,0
DA:310,0
DA:311,0
DA:312,0
DA:313,0
DA:314,0
DA:315,0
DA:316,0
DA:318,0
DA:319,0
DA:321,0
DA:322,0
DA:325,0
DA:326,0
DA:329,0
DA:330,0
DA:331,0
DA:332,0
DA:333,0
DA:334,0
DA:335,0
DA:336,0
DA:337,0
DA:338,0
DA:339,0
DA:340,0
DA:341,0
DA:343,0
DA:380,0
DA:381,0
DA:382,0
DA:384,0
DA:385,0
DA:386,0
DA:387,0
DA:388,0
DA:389,0
DA:390,0
DA:391,0
DA:392,0
DA:393,0
DA:394,0
DA:395,0
DA:396,0
DA:397,0
DA:398,0
DA:399,0
DA:402,0
DA:403,0
DA:404,0
DA:405,0
DA:406,0
DA:407,0
DA:408,0
DA:409,0
DA:411,0
DA:412,0
DA:413,0
DA:414,0
DA:415,0
DA:416,0
LH:13
LF:276
end_of_record
SF:C:\Users\Administrator\WorkBuddy\Claw\src-tmp\packages\adapter-vite\src\devtools\index.ts
FN:18,devtoolsPlugin
FN:24,transformIndexHtml
FNDA:33,devtoolsPlugin
FNDA:0,transformIndexHtml
FNF:2
FNH:1
BRF:0
BRH:0
DA:18,1
DA:19,33
DA:20,33
DA:21,33
DA:22,33
DA:24,0
DA:25,0
DA:26,0
DA:27,0
DA:28,0
DA:29,0
DA:30,0
DA:31,0
DA:32,0
DA:33,0
DA:34,0
DA:35,0
DA:36,0
DA:37,33
DA:38,33
DA:48,1
DA:206,1
LH:9
LF:22
end_of_record
SF:C:\Users\Administrator\WorkBuddy\Claw\src-tmp\packages\adapter-vite\src\entry-descriptor.ts
FN:196,buildEntryDescriptor
FNDA:66,buildEntryDescriptor
FNF:1
FNH:1
BRDA:213,1,0,53
BRDA:213,1,1,13
BRDA:214,1,0,51
BRDA:214,1,1,15
BRDA:230,1,0,21
BRDA:230,1,1,64
BRDA:233,1,0,21
BRDA:233,1,1,65
BRDA:236,1,0,21
BRDA:236,1,1,64
BRDA:239,1,0,21
BRDA:239,1,1,65
BRDA:246,1,0,21
BRDA:246,1,1,64
BRDA:252,1,0,21
BRDA:252,1,1,65
BRDA:258,1,0,21
BRDA:258,1,1,64
BRDA:261,1,0,19
BRDA:261,1,1,7
BRDA:262,1,0,5
BRDA:262,1,1,4
BRDA:264,1,0,3
BRDA:264,1,1,2
BRDA:266,1,0,1
BRDA:266,1,1,1
BRDA:277,1,0,21
BRDA:277,1,1,65
BRDA:283,1,0,21
BRDA:283,1,1,8
BRDA:345,1,0,49
BRDA:345,1,1,17
BRDA:346,1,0,55
BRDA:346,1,1,11
BRDA:347,1,0,53
BRDA:347,1,1,13
BRDA:371,1,0,4
BRDA:371,1,1,62
BRDA:372,1,0,4
BRDA:372,1,1,62
BRDA:373,1,0,62
BRDA:373,1,1,4
BRDA:377,1,0,8
BRDA:377,1,1,58
BRDA:391,1,0,53
BRDA:391,1,1,13
BRDA:293,2,0,46
BRDA:293,2,1,100
BRDA:303,4,0,87
BRDA:303,4,1,59
BRDA:306,5,0,5
BRDA:306,5,1,82
BRDA:325,9,0,4
BRDA:325,9,1,4
BRDA:326,9,0,4
BRDA:326,9,1,4
BRDA:340,12,0,1
BRDA:340,12,1,4
BRDA:354,13,0,3
BRDA:354,13,1,8
BRDA:355,13,0,8
BRDA:355,13,1,3
BRF:62
BRH:62
DA:16,5
DA:196,5
DA:197,5
DA:198,5
DA:211,5
DA:213,66
DA:214,66
DA:215,66
DA:218,66
DA:221,66
DA:223,66
DA:226,66
DA:229,66
DA:230,66
DA:231,64
DA:232,64
DA:233,66
DA:234,65
DA:235,65
DA:236,66
DA:237,64
DA:238,64
DA:239,66
DA:240,65
DA:241,65
DA:244,66
DA:246,66
DA:247,64
DA:248,64
DA:249,64
DA:250,64
DA:251,64
DA:252,66
DA:253,65
DA:254,65
DA:255,65
DA:256,65
DA:257,65
DA:258,66
DA:260,64
DA:261,64
DA:262,7
DA:263,4
DA:264,5
DA:265,2
DA:266,2
DA:268,1
DA:269,1
DA:270,7
DA:271,64
DA:272,64
DA:273,64
DA:274,64
DA:275,64
DA:276,64
DA:277,66
DA:278,65
DA:279,65
DA:280,65
DA:281,65
DA:282,65
DA:283,66
DA:284,8
DA:285,8
DA:286,8
DA:287,8
DA:288,8
DA:289,8
DA:292,66
DA:293,66
DA:294,66
DA:295,46
DA:296,46
DA:297,46
DA:298,46
DA:299,46
DA:300,66
DA:302,66
DA:303,66
DA:304,66
DA:305,87
DA:306,87
DA:307,87
DA:308,87
DA:309,87
DA:310,87
DA:311,87
DA:312,87
DA:313,87
DA:314,87
DA:315,87
DA:316,87
DA:317,66
DA:320,66
DA:322,66
DA:323,66
DA:324,66
DA:325,8
DA:326,8
DA:327,8
DA:328,8
DA:329,8
DA:330,8
DA:331,8
DA:332,8
DA:333,66
DA:334,66
DA:336,66
DA:337,66
DA:338,66
DA:339,5
DA:340,5
DA:341,5
DA:342,66
DA:345,66
DA:346,66
DA:347,66
DA:349,66
DA:350,66
DA:352,66
DA:353,11
DA:354,11
DA:355,11
DA:356,11
DA:357,66
DA:360,66
DA:361,5
DA:362,5
DA:363,5
DA:364,66
DA:367,66
DA:370,66
DA:371,66
DA:372,66
DA:373,66
DA:374,66
DA:377,66
DA:378,66
DA:379,122
DA:381,66
DA:382,66
DA:383,66
DA:384,66
DA:385,66
DA:386,66
DA:387,66
DA:388,66
DA:389,66
DA:390,66
DA:391,66
DA:392,66
DA:393,66
DA:394,66
LH:153
LF:153
end_of_record
SF:C:\Users\Administrator\WorkBuddy\Claw\src-tmp\packages\adapter-vite\src\entry-generators.ts
FN:19,generateClientEntry
FNDA:19,generateClientEntry
FNF:1
FNH:1
BRDA:22,1,0,3
BRDA:22,1,1,16
BRDA:24,1,0,17
BRDA:24,1,1,16
BRDA:68,1,0,13
BRDA:68,1,1,4
BRDA:72,1,0,0
BRDA:72,1,1,19
BRDA:96,1,0,16
BRDA:96,1,1,3
BRDA:102,1,0,15
BRDA:102,1,1,4
BRDA:103,1,0,0
BRDA:103,1,1,15
BRDA:111,1,0,1
BRDA:111,1,1,18
BRDA:40,8,0,7
BRDA:40,8,1,3
BRF:18
BRH:16
DA:19,3
DA:20,3
DA:22,19
DA:23,3
DA:24,3
DA:26,16
DA:27,16
DA:28,16
DA:30,16
DA:31,16
DA:32,16
DA:33,16
DA:34,16
DA:35,16
DA:36,16
DA:37,16
DA:38,16
DA:39,16
DA:40,16
DA:41,16
DA:42,16
DA:44,16
DA:56,16
DA:58,16
DA:68,19
DA:71,0
DA:72,0
DA:73,0
DA:96,0
DA:97,0
DA:101,19
DA:102,19
DA:103,19
DA:111,19
DA:112,19
DA:114,19
DA:115,19
LH:32
LF:37
end_of_record
SF:C:\Users\Administrator\WorkBuddy\Claw\src-tmp\packages\adapter-vite\src\entry-renderer.ts
FN:35,renderImport
FN:42,renderCorsOrigin
FN:52,renderMiddleware
FN:150,renderApiRoute
FN:158,renderPageRoute
FN:238,renderEntry
FN:559,generateHonoEntryCode
FNDA:260,renderImport
FNDA:4,renderCorsOrigin
FNDA:179,renderMiddleware
FNDA:33,renderApiRoute
FNDA:52,renderPageRoute
FNDA:44,renderEntry
FNDA:13,generateHonoEntryCode
FNF:7
FNH:7
BRDA:36,1,0,43
BRDA:36,1,1,217
BRDA:43,2,0,1
BRDA:43,2,1,0
BRDA:58,3,0,43
BRDA:58,3,1,136
BRDA:62,3,0,43
BRDA:62,3,1,136
BRDA:66,3,0,43
BRDA:66,3,1,136
BRDA:68,3,0,4
BRDA:68,3,1,39
BRDA:71,3,0,39
BRDA:71,3,1,4
BRDA:86,3,0,43
BRDA:86,3,1,136
BRDA:90,3,0,7
BRDA:90,3,1,172
BRDA:93,3,0,1
BRDA:93,3,1,6
BRDA:94,3,0,6
BRDA:94,3,1,1
BRDA:96,3,0,4
BRDA:96,3,1,3
BRDA:103,3,0,0
BRDA:103,3,1,4
BRDA:105,3,0,1
BRDA:105,3,1,3
BRDA:108,3,0,3
BRDA:108,3,1,1
BRDA:125,3,0,3
BRDA:125,3,1,4
BRDA:189,5,0,5
BRDA:189,5,1,47
BRDA:192,5,0,9
BRDA:192,5,1,43
BRDA:194,5,0,15
BRDA:167,6,0,9
BRDA:167,6,1,9
BRDA:168,6,0,6
BRDA:168,6,1,12
BRDA:246,7,0,260
BRDA:255,7,0,8
BRDA:255,7,1,36
BRDA:271,7,0,85
BRDA:275,7,0,6
BRDA:275,7,1,38
BRDA:278,7,0,4
BRDA:278,7,1,40
BRDA:303,7,0,7
BRDA:303,7,1,37
BRDA:316,7,0,52
BRDA:332,7,0,3
BRDA:332,7,1,41
BRDA:336,7,0,3
BRDA:336,7,1,41
BRDA:353,7,0,7
BRDA:353,7,1,1
BRDA:389,7,0,179
BRDA:394,7,0,4
BRDA:394,7,1,40
BRDA:397,7,0,1
BRDA:397,7,1,3
BRDA:403,7,0,33
BRDA:403,7,1,11
BRDA:413,7,0,52
BRDA:432,7,0,7
BRDA:432,7,1,37
BRDA:464,7,0,5
BRDA:464,7,1,2
BRDA:468,7,0,0
BRDA:468,7,1,5
BRDA:513,7,0,0
BRDA:513,7,1,7
BRF:74
BRH:70
DA:27,4
DA:30,4
DA:35,260
DA:36,260
DA:37,260
DA:38,260
DA:42,4
DA:43,0
DA:44,4
DA:45,4
DA:47,4
DA:48,4
DA:52,179
DA:53,179
DA:54,179
DA:55,179
DA:57,179
DA:58,179
DA:59,43
DA:60,43
DA:62,179
DA:63,43
DA:64,43
DA:66,179
DA:67,43
DA:68,43
DA:69,4
DA:70,4
DA:71,43
DA:72,39
DA:75,39
DA:76,39
DA:77,39
DA:79,39
DA:80,39
DA:81,39
DA:82,39
DA:83,43
DA:84,43
DA:86,179
DA:87,43
DA:88,43
DA:90,179
DA:91,7
DA:92,7
DA:93,7
DA:94,7
DA:95,7
DA:96,7
DA:103,4
DA:104,4
DA:105,4
DA:106,4
DA:107,4
DA:108,4
DA:110,4
DA:111,4
DA:112,4
DA:114,4
DA:115,4
DA:116,4
DA:117,4
DA:118,4
DA:119,4
DA:120,4
DA:122,4
DA:123,4
DA:124,4
DA:125,7
DA:126,3
DA:127,3
DA:128,3
DA:129,3
DA:130,3
DA:131,7
DA:132,7
DA:133,7
DA:134,179
DA:136,179
DA:137,179
DA:150,4
DA:151,33
DA:152,33
DA:153,33
DA:154,33
DA:158,52
DA:159,52
DA:160,52
DA:161,52
DA:162,52
DA:163,52
DA:166,52
DA:167,18
DA:168,18
DA:169,52
DA:171,52
DA:172,52
DA:173,52
DA:174,52
DA:179,52
DA:180,52
DA:182,52
DA:183,52
DA:189,52
DA:191,52
DA:192,52
DA:193,9
DA:194,9
DA:195,15
DA:196,15
DA:197,9
DA:198,52
DA:199,52
DA:200,52
DA:201,52
DA:202,52
DA:203,52
DA:205,52
DA:210,52
DA:211,52
DA:212,52
DA:213,52
DA:214,52
DA:215,52
DA:216,52
DA:217,52
DA:218,52
DA:219,52
DA:238,4
DA:239,44
DA:242,44
DA:246,44
DA:247,260
DA:248,260
DA:254,44
DA:255,44
DA:256,8
DA:257,8
DA:259,44
DA:260,44
DA:261,44
DA:265,44
DA:266,44
DA:267,44
DA:268,44
DA:271,44
DA:272,85
DA:273,85
DA:275,44
DA:276,6
DA:277,6
DA:278,44
DA:279,4
DA:280,4
DA:281,44
DA:289,44
DA:290,44
DA:291,44
DA:292,44
DA:293,44
DA:294,44
DA:295,44
DA:296,44
DA:301,44
DA:303,44
DA:304,7
DA:305,7
DA:306,7
DA:308,7
DA:309,7
DA:310,7
DA:311,7
DA:312,7
DA:313,7
DA:314,7
DA:315,7
DA:316,44
DA:317,52
DA:318,52
DA:319,52
DA:321,52
DA:322,52
DA:323,44
DA:331,44
DA:332,44
DA:333,3
DA:334,3
DA:335,3
DA:336,44
DA:337,3
DA:338,3
DA:339,3
DA:340,3
DA:341,3
DA:342,3
DA:343,3
DA:344,44
DA:353,44
DA:354,1
DA:355,1
DA:356,1
DA:357,1
DA:358,1
DA:367,44
DA:368,44
DA:369,44
DA:370,44
DA:371,44
DA:372,44
DA:373,44
DA:375,44
DA:376,44
DA:377,44
DA:378,44
DA:379,44
DA:380,44
DA:381,44
DA:382,44
DA:383,44
DA:386,44
DA:387,44
DA:389,44
DA:390,179
DA:391,179
DA:394,44
DA:395,4
DA:396,4
DA:397,4
DA:399,4
DA:400,4
DA:403,44
DA:404,33
DA:405,33
DA:408,44
DA:409,44
DA:410,44
DA:411,44
DA:412,44
DA:413,44
DA:414,52
DA:415,52
DA:418,44
DA:432,44
DA:433,7
DA:434,7
DA:435,7
DA:436,7
DA:437,7
DA:438,7
DA:439,7
DA:441,7
DA:443,7
DA:444,7
DA:446,7
DA:447,7
DA:451,7
DA:455,7
DA:456,7
DA:457,7
DA:458,7
DA:463,7
DA:464,7
DA:465,5
DA:466,5
DA:467,5
DA:468,5
DA:469,5
DA:471,5
DA:472,7
DA:473,7
DA:475,7
DA:476,7
DA:477,7
DA:478,7
DA:479,7
DA:480,7
DA:481,7
DA:482,7
DA:483,7
DA:484,7
DA:486,7
DA:487,7
DA:488,7
DA:489,7
DA:490,7
DA:492,7
DA:493,7
DA:494,7
DA:495,7
DA:496,7
DA:498,7
DA:499,7
DA:500,7
DA:502,7
DA:505,7
DA:506,7
DA:507,7
DA:508,7
DA:509,7
DA:510,7
DA:511,7
DA:512,7
DA:513,0
DA:514,0
DA:515,0
DA:516,0
DA:517,0
DA:518,0
DA:519,0
DA:520,0
DA:521,0
DA:522,0
DA:523,0
DA:524,7
DA:525,7
DA:526,7
DA:528,44
DA:529,44
DA:559,4
DA:560,4
DA:561,4
DA:563,13
DA:564,13
DA:565,13
LH:312
LF:324
end_of_record
SF:C:\Users\Administrator\WorkBuddy\Claw\src-tmp\packages\adapter-vite\src\hono-entry.ts
FNF:0
FNH:0
BRF:0
BRH:0
DA:7,4
LH:1
LF:1
end_of_record
SF:C:\Users\Administrator\WorkBuddy\Claw\src-tmp\packages\adapter-vite\src\index.ts
FN:75,createCoreResolvePlugin
FN:91,resolveId
FN:123,load
FN:202,less
FN:207,validateSafeUrl
FN:276,generateEntry
FN:299,config
FN:321,configResolved
FN:333,buildStart
FN:384,resolveId
FN:388,load
FN:432,dispatchDataPlugin
FN:442,get
FN:452,get
FN:464,resolveId
FN:480,load
FNDA:33,createCoreResolvePlugin
FNDA:0,resolveId
FNDA:0,load
FNDA:33,less
FNDA:8,validateSafeUrl
FNDA:6,generateEntry
FNDA:3,config
FNDA:2,configResolved
FNDA:3,buildStart
FNDA:2,resolveId
FNDA:3,load
FNDA:33,dispatchDataPlugin
FNDA:0,get
FNDA:0,get
FNDA:0,resolveId
FNDA:0,load
FNF:16
FNH:10
BRDA:80,1,0,0
BRDA:80,1,1,33
BRDA:220,4,0,8
BRDA:220,4,1,7
BRDA:222,4,0,3
BRDA:222,4,1,4
BRDA:227,4,0,3
BRDA:227,4,1,4
BRDA:232,4,0,4
BRDA:232,4,1,3
BRDA:234,4,0,0
BRDA:234,4,1,3
BRDA:248,4,0,28
BRDA:248,4,1,5
BRDA:249,4,0,28
BRDA:249,4,1,5
BRDA:261,4,0,30
BRDA:261,4,1,3
BRDA:269,4,0,0
BRDA:269,4,1,33
BRDA:209,5,0,0
BRDA:209,5,1,8
BRDA:292,6,0,0
BRDA:292,6,1,6
BRDA:300,7,0,1
BRDA:300,7,1,1
BRDA:300,7,2,0
BRDA:312,7,0,0
BRDA:312,7,1,3
BRDA:322,8,0,0
BRDA:322,8,1,0
BRDA:322,8,2,0
BRDA:339,9,0,0
BRDA:339,9,1,3
BRDA:344,9,0,1
BRDA:344,9,1,1
BRDA:345,9,0,0
BRDA:345,9,1,1
BRDA:351,9,0,2
BRDA:351,9,1,1
BRDA:370,9,0,1
BRDA:370,9,1,2
BRDA:372,9,0,0
BRDA:372,9,1,1
BRDA:364,13,0,0
BRDA:364,13,1,1
BRDA:385,14,0,1
BRDA:385,14,1,1
BRDA:389,15,0,2
BRDA:389,15,1,1
BRDA:395,15,0,0
BRDA:395,15,1,2
BRF:52
BRH:37
DA:20,1
DA:21,1
DA:22,1
DA:23,1
DA:24,1
DA:25,1
DA:27,1
DA:29,1
DA:30,1
DA:31,1
DA:32,1
DA:33,1
DA:34,1
DA:35,1
DA:36,1
DA:51,1
DA:54,1
DA:55,1
DA:56,1
DA:57,1
DA:58,1
DA:65,1
DA:75,1
DA:76,33
DA:79,33
DA:80,0
DA:82,0
DA:83,0
DA:84,0
DA:85,0
DA:87,33
DA:88,33
DA:89,33
DA:91,0
DA:92,0
DA:95,0
DA:96,0
DA:97,0
DA:98,0
DA:99,0
DA:100,0
DA:101,0
DA:104,0
DA:105,0
DA:106,0
DA:107,0
DA:110,0
DA:111,0
DA:112,0
DA:113,0
DA:114,0
DA:115,0
DA:118,0
DA:119,0
DA:120,0
DA:121,0
DA:123,0
DA:124,0
DA:125,0
DA:128,0
DA:130,0
DA:131,0
DA:132,0
DA:133,0
DA:134,0
DA:137,0
DA:138,0
DA:139,0
DA:140,0
DA:141,0
DA:142,0
DA:143,0
DA:145,0
DA:146,0
DA:147,0
DA:148,0
DA:149,0
DA:150,0
DA:151,0
DA:152,0
DA:153,0
DA:155,0
DA:157,0
DA:158,0
DA:159,0
DA:160,0
DA:161,0
DA:162,0
DA:163,0
DA:164,0
DA:165,0
DA:166,0
DA:167,0
DA:168,0
DA:169,0
DA:170,0
DA:171,0
DA:172,0
DA:174,0
DA:177,0
DA:178,0
DA:179,0
DA:180,0
DA:181,0
DA:182,0
DA:183,0
DA:184,0
DA:187,0
DA:188,0
DA:189,0
DA:190,33
DA:191,33
DA:202,1
DA:203,33
DA:205,33
DA:207,33
DA:208,8
DA:209,0
DA:210,0
DA:211,0
DA:212,0
DA:213,0
DA:214,0
DA:216,0
DA:217,8
DA:218,33
DA:220,33
DA:221,7
DA:222,7
DA:223,4
DA:224,4
DA:225,4
DA:226,4
DA:227,7
DA:228,4
DA:229,4
DA:230,4
DA:231,4
DA:232,7
DA:234,0
DA:235,0
DA:236,0
DA:237,0
DA:238,0
DA:240,0
DA:241,3
DA:242,3
DA:243,7
DA:244,7
DA:246,33
DA:247,33
DA:248,33
DA:249,33
DA:250,33
DA:251,33
DA:252,33
DA:254,33
DA:258,33
DA:259,33
DA:260,33
DA:261,33
DA:262,30
DA:263,30
DA:264,30
DA:265,30
DA:266,30
DA:268,30
DA:269,0
DA:270,0
DA:271,0
DA:273,33
DA:274,33
DA:276,33
DA:277,33
DA:278,33
DA:279,33
DA:280,33
DA:282,6
DA:283,6
DA:284,6
DA:285,6
DA:286,6
DA:287,6
DA:288,6
DA:289,6
DA:290,6
DA:291,6
DA:292,6
DA:293,6
DA:294,6
DA:296,33
DA:297,33
DA:299,33
DA:300,0
DA:301,0
DA:304,0
DA:306,3
DA:311,3
DA:312,3
DA:313,3
DA:314,3
DA:315,3
DA:316,3
DA:317,3
DA:318,3
DA:319,33
DA:321,33
DA:322,0
DA:323,0
DA:324,0
DA:325,2
DA:326,2
DA:327,2
DA:328,2
DA:329,2
DA:331,33
DA:333,33
DA:334,3
DA:336,3
DA:337,3
DA:339,3
DA:340,3
DA:341,3
DA:342,3
DA:344,3
DA:345,1
DA:346,0
DA:347,0
DA:348,0
DA:350,0
DA:351,1
DA:354,2
DA:355,2
DA:357,2
DA:358,2
DA:359,2
DA:360,2
DA:361,2
DA:363,2
DA:364,2
DA:365,2
DA:366,2
DA:367,2
DA:368,2
DA:370,3
DA:371,1
DA:372,1
DA:373,1
DA:374,1
DA:375,1
DA:377,1
DA:378,3
DA:379,33
DA:381,33
DA:382,33
DA:384,33
DA:385,2
DA:386,33
DA:388,33
DA:389,3
DA:394,2
DA:395,2
DA:396,2
DA:397,2
DA:398,2
DA:400,2
DA:401,3
DA:402,33
DA:404,33
DA:405,33
DA:406,33
DA:407,33
DA:409,33
DA:410,33
DA:411,33
DA:415,33
DA:416,33
DA:417,33
DA:418,33
DA:419,33
DA:420,33
DA:421,33
DA:422,33
DA:432,1
DA:433,33
DA:438,33
DA:439,33
DA:440,33
DA:441,33
DA:442,33
DA:443,33
DA:444,33
DA:445,33
DA:446,33
DA:447,33
DA:448,33
DA:449,33
DA:450,33
DA:451,33
DA:452,33
DA:453,33
DA:454,33
DA:455,33
DA:456,33
DA:457,33
DA:458,33
DA:459,33
DA:461,33
DA:462,33
DA:463,33
DA:464,0
DA:465,0
DA:466,0
DA:467,0
DA:468,0
DA:470,0
DA:471,0
DA:472,0
DA:473,0
DA:475,0
DA:476,0
DA:477,0
DA:478,0
DA:479,0
DA:480,0
DA:481,0
DA:482,0
DA:483,0
DA:484,0
DA:486,0
DA:487,0
DA:488,0
DA:489,0
DA:491,0
DA:492,0
DA:493,0
DA:494,0
DA:495,33
DA:496,33
DA:499,1
DA:501,1
DA:502,1
DA:503,1
DA:504,1
DA:505,1
DA:506,1
DA:507,1
DA:508,1
DA:509,1
DA:510,1
DA:512,1
DA:513,1
DA:514,1
DA:515,1
DA:520,1
DA:521,1
DA:523,1
LH:222
LF:357
end_of_record
SF:C:\Users\Administrator\WorkBuddy\Claw\src-tmp\packages\adapter-vite\src\island-manifest.ts
FN:43,extractCustomElementTags
FN:56,generateIslandManifests
FN:110,writeIslandManifests
FN:122,simpleHash
FNDA:6,extractCustomElementTags
FNDA:3,generateIslandManifests
FNDA:1,writeIslandManifests
FNDA:1,simpleHash
FNF:4
FNH:4
BRDA:64,2,0,0
BRDA:64,2,1,3
BRDA:69,2,0,0
BRDA:69,2,1,3
BRDA:93,2,0,1
BRDA:93,2,1,2
BRDA:89,4,0,1
BRDA:89,4,1,1
BRDA:90,4,0,1
BRDA:90,4,1,1
BRF:10
BRH:8
DA:8,2
DA:9,2
DA:43,2
DA:44,6
DA:45,6
DA:46,6
DA:47,6
DA:48,6
DA:49,6
DA:50,6
DA:51,6
DA:56,2
DA:57,2
DA:58,2
DA:59,2
DA:60,2
DA:62,3
DA:64,0
DA:66,3
DA:68,3
DA:69,0
DA:70,0
DA:71,0
DA:72,0
DA:73,0
DA:74,0
DA:76,0
DA:77,0
DA:78,0
DA:79,0
DA:80,0
DA:81,3
DA:82,3
DA:84,3
DA:85,3
DA:86,3
DA:87,2
DA:88,2
DA:89,2
DA:90,2
DA:91,3
DA:93,3
DA:95,3
DA:96,3
DA:97,3
DA:98,3
DA:99,3
DA:100,3
DA:101,3
DA:103,3
DA:104,3
DA:110,2
DA:111,1
DA:112,1
DA:114,1
DA:115,1
DA:116,1
DA:117,1
DA:118,1
DA:119,1
DA:122,2
DA:123,1
DA:124,1
DA:125,1
DA:126,1
DA:127,1
DA:128,1
DA:129,1
DA:130,1
LH:57
LF:69
end_of_record
SF:C:\Users\Administrator\WorkBuddy\Claw\src-tmp\packages\adapter-vite\src\island-transform.ts
FN:20,islandTransformPlugin
FN:26,transform
FNDA:35,islandTransformPlugin
FNDA:6,transform
FNF:2
FNH:2
BRDA:30,2,0,1
BRDA:30,2,1,5
BRDA:38,2,0,1
BRDA:38,2,1,5
BRDA:44,2,0,4
BRDA:44,2,1,2
BRDA:50,2,0,1
BRDA:50,2,1,5
BRDA:55,2,0,3
BRDA:55,2,1,3
BRF:10
BRH:10
DA:17,2
DA:20,2
DA:21,35
DA:23,35
DA:24,35
DA:26,35
DA:27,6
DA:30,6
DA:33,5
DA:34,5
DA:35,5
DA:38,6
DA:39,1
DA:40,1
DA:41,1
DA:43,1
DA:44,1
DA:50,6
DA:51,1
DA:52,1
DA:53,1
DA:55,1
DA:59,3
DA:62,3
DA:64,3
DA:66,3
DA:67,6
DA:68,35
DA:69,35
LH:29
LF:29
end_of_record
SF:C:\Users\Administrator\WorkBuddy\Claw\src-tmp\packages\adapter-vite\src\route-scanner.ts
FN:34,filePathToRoutePath
FN:62,getRouteType
FN:71,pathToVarName
FN:85,getSpecialFileType
FN:101,isIgnoredFile
FN:109,scanRoutes
FN:200,fileToTagName
FN:211,scanIslands
FN:272,scanPackageIslands
FNDA:32,filePathToRoutePath
FNDA:20,getRouteType
FNDA:20,pathToVarName
FNDA:32,getSpecialFileType
FNDA:39,isIgnoredFile
FNDA:24,scanRoutes
FNDA:98,fileToTagName
FNDA:10,scanIslands
FNDA:4,scanPackageIslands
FNF:9
FNH:9
BRDA:45,1,0,11
BRDA:45,1,1,30
BRDA:45,1,2,21
BRDA:46,1,0,0
BRDA:46,1,1,30
BRDA:50,1,0,21
BRDA:50,1,1,9
BRDA:64,2,0,19
BRDA:64,2,1,1
BRDA:64,2,2,19
BRDA:77,3,0,9
BRDA:77,3,1,11
BRDA:88,4,0,8
BRDA:88,4,1,24
BRDA:90,4,0,4
BRDA:90,4,1,28
BRDA:92,4,0,20
BRDA:92,4,1,12
BRDA:117,6,0,18
BRDA:117,6,1,6
BRDA:118,6,0,6
BRDA:118,6,1,18
BRDA:121,6,0,0
BRDA:121,6,1,6
BRDA:124,6,0,20
BRDA:124,6,1,19
BRDA:124,6,2,18
BRDA:126,6,0,39
BRDA:127,6,0,0
BRDA:127,6,1,39
BRDA:130,6,0,11
BRDA:130,6,1,28
BRDA:134,6,0,0
BRDA:134,6,1,39
BRDA:142,6,0,7
BRDA:142,6,1,32
BRDA:146,6,0,32
BRDA:146,6,1,7
BRDA:149,6,0,12
BRDA:149,6,1,20
BRDA:155,6,0,8
BRDA:155,6,1,4
BRDA:158,6,0,20
BRDA:158,6,1,12
BRDA:170,6,0,18
BRDA:170,6,1,2
BRDA:175,7,0,13
BRDA:175,7,1,28
BRDA:176,7,0,24
BRDA:176,7,1,12
BRDA:176,7,2,16
BRDA:177,7,0,4
BRDA:177,7,1,4
BRDA:177,7,2,12
BRDA:179,7,0,9
BRDA:179,7,1,28
BRDA:182,7,0,2
BRDA:182,7,1,0
BRDA:182,7,2,7
BRDA:219,9,0,3
BRDA:219,9,1,7
BRDA:220,9,0,7
BRDA:220,9,1,3
BRDA:223,9,0,0
BRDA:223,9,1,7
BRDA:226,9,0,3
BRDA:226,9,1,7
BRDA:229,9,0,0
BRDA:229,9,1,3
BRDA:235,9,0,0
BRDA:235,9,1,3
BRDA:244,9,0,0
BRDA:244,9,1,3
BRDA:246,9,0,0
BRDA:246,9,1,3
BRDA:277,10,0,3
BRDA:277,10,1,1
BRDA:285,10,0,0
BRDA:285,10,1,3
BRDA:286,10,0,0
BRDA:286,10,1,3
BRDA:308,10,0,0
BRDA:308,10,1,3
BRDA:315,10,0,1
BRDA:315,10,1,3
BRF:85
BRH:72
DA:19,7
DA:20,7
DA:21,7
DA:22,7
DA:24,7
DA:34,7
DA:36,32
DA:39,32
DA:42,32
DA:45,32
DA:46,0
DA:47,0
DA:49,0
DA:50,0
DA:53,21
DA:55,21
DA:56,32
DA:62,7
DA:63,20
DA:64,20
DA:65,20
DA:71,7
DA:72,20
DA:73,20
DA:74,20
DA:75,20
DA:76,20
DA:77,20
DA:78,20
DA:79,20
DA:85,7
DA:86,32
DA:87,32
DA:88,32
DA:89,8
DA:90,32
DA:91,4
DA:92,32
DA:93,20
DA:94,32
DA:95,32
DA:101,7
DA:102,39
DA:103,39
DA:109,7
DA:110,7
DA:111,7
DA:113,24
DA:114,24
DA:116,24
DA:117,24
DA:118,24
DA:119,6
DA:120,6
DA:121,6
DA:123,6
DA:124,6
DA:126,19
DA:127,0
DA:129,39
DA:130,39
DA:131,39
DA:132,39
DA:133,39
DA:134,0
DA:136,0
DA:137,0
DA:139,0
DA:140,0
DA:142,39
DA:144,7
DA:145,7
DA:146,39
DA:148,32
DA:149,32
DA:150,12
DA:151,12
DA:152,12
DA:153,12
DA:154,12
DA:155,12
DA:156,12
DA:157,12
DA:158,32
DA:160,20
DA:161,20
DA:162,20
DA:163,20
DA:164,20
DA:165,20
DA:166,20
DA:167,20
DA:169,32
DA:170,39
DA:173,18
DA:175,37
DA:176,28
DA:177,28
DA:178,12
DA:179,12
DA:180,9
DA:181,9
DA:182,37
DA:183,7
DA:184,18
DA:186,18
DA:187,24
DA:200,7
DA:201,98
DA:202,98
DA:203,98
DA:204,98
DA:205,98
DA:211,7
DA:212,7
DA:213,7
DA:215,10
DA:216,10
DA:218,10
DA:219,10
DA:220,10
DA:221,7
DA:222,7
DA:223,7
DA:225,7
DA:226,7
DA:228,3
DA:229,0
DA:231,3
DA:232,3
DA:233,3
DA:234,3
DA:235,0
DA:236,0
DA:237,0
DA:238,0
DA:239,0
DA:241,0
DA:242,0
DA:244,3
DA:246,0
DA:247,0
DA:248,0
DA:249,0
DA:250,3
DA:251,3
DA:252,3
DA:254,3
DA:255,10
DA:272,7
DA:273,7
DA:275,4
DA:277,4
DA:278,3
DA:280,3
DA:285,3
DA:286,0
DA:288,0
DA:289,0
DA:290,0
DA:291,0
DA:292,0
DA:293,0
DA:294,0
DA:295,0
DA:296,0
DA:297,0
DA:299,0
DA:300,0
DA:301,0
DA:302,3
DA:303,3
DA:306,3
DA:307,3
DA:308,3
DA:309,3
DA:310,3
DA:311,3
DA:312,3
DA:314,3
DA:315,3
DA:317,1
DA:318,4
LH:147
LF:183
end_of_record
SF:C:\Users\Administrator\WorkBuddy\Claw\src-tmp\packages\adapter-vite\src\ssg-postprocess.ts
FN:30,walkHtmlFiles
FN:52,insertAfterHead
FN:64,insertBeforeBodyClose
FN:79,buildIslandChunkMap
FN:125,injectClientScript
FN:140,injectCspMeta
FN:208,injectDsdPolyfill
FN:233,injectViewTransitionMeta
FN:293,buildSpeculationRulesJson
FN:421,injectSpeculationRules
FNDA:41,walkHtmlFiles
FNDA:22,insertAfterHead
FNDA:7,insertBeforeBodyClose
FNDA:10,buildIslandChunkMap
FNDA:7,injectClientScript
FNDA:10,injectCspMeta
FNDA:0,injectDsdPolyfill
FNDA:7,injectViewTransitionMeta
FNDA:9,buildSpeculationRulesJson
FNDA:6,injectSpeculationRules
FNF:10
FNH:9
BRDA:35,1,0,56
BRDA:37,1,0,12
BRDA:37,1,1,44
BRDA:39,1,0,44
BRDA:39,1,1,35
BRDA:42,1,0,29
BRDA:42,1,1,6
BRDA:54,2,0,3
BRDA:54,2,1,19
BRDA:55,2,0,2
BRDA:55,2,1,1
BRDA:56,2,0,0
BRDA:56,2,1,3
BRDA:58,2,0,19
BRDA:58,2,1,3
BRDA:66,3,0,1
BRDA:66,3,1,6
BRDA:68,3,0,6
BRDA:68,3,1,1
BRDA:89,4,0,9
BRDA:89,4,1,3
BRDA:89,4,2,7
BRDA:92,4,0,2
BRDA:92,4,1,8
BRDA:92,4,2,5
BRDA:98,4,0,7
BRDA:98,4,1,1
BRDA:99,4,0,1
BRDA:99,4,1,6
BRDA:101,4,0,5
BRDA:101,4,1,3
BRDA:103,4,0,6
BRDA:103,4,1,1
BRDA:104,4,0,1
BRDA:104,4,1,6
BRDA:105,4,0,2
BRDA:111,4,0,4
BRDA:111,4,1,4
BRDA:112,4,0,1
BRDA:112,4,1,7
BRDA:115,4,0,0
BRDA:115,4,1,1
BRDA:117,4,0,5
BRDA:117,4,1,3
BRDA:128,6,0,8
BRDA:128,6,1,3
BRDA:128,6,2,7
BRDA:146,7,0,1
BRDA:146,7,1,9
BRDA:154,7,0,1
BRDA:154,7,1,9
BRDA:159,8,0,1
BRDA:159,8,1,10
BRDA:237,11,0,1
BRDA:237,11,1,7
BRDA:298,12,0,4
BRDA:298,12,1,5
BRDA:298,12,2,1
BRDA:298,12,3,5
BRDA:301,12,0,4
BRDA:301,12,1,4
BRDA:310,12,0,1
BRDA:310,12,1,1
BRDA:317,12,0,1
BRDA:317,12,1,1
BRDA:322,12,0,2
BRDA:323,12,0,1
BRDA:323,12,1,1
BRDA:332,12,0,4
BRDA:332,12,1,5
BRDA:335,12,0,3
BRDA:335,12,1,1
BRDA:335,12,2,3
BRDA:341,12,0,1
BRDA:341,12,1,2
BRDA:350,12,0,3
BRDA:350,12,1,6
BRDA:351,12,0,2
BRDA:351,12,1,1
BRDA:354,12,0,1
BRDA:354,12,1,2
BRDA:357,12,0,0
BRDA:357,12,1,1
BRDA:361,12,0,2
BRDA:361,12,1,7
BRDA:380,12,0,0
BRDA:380,12,1,9
BRDA:384,12,0,2
BRDA:384,12,1,7
BRDA:393,12,0,4
BRDA:394,12,0,2
BRDA:394,12,1,2
BRDA:395,12,0,3
BRDA:304,13,0,2
BRDA:304,13,1,1
BRDA:305,13,0,3
BRDA:305,13,1,1
BRDA:338,16,0,5
BRDA:338,16,1,3
BRDA:368,18,0,2
BRDA:368,18,1,1
BRDA:371,18,0,2
BRDA:371,18,1,1
BRDA:372,18,0,2
BRDA:372,18,1,1
BRDA:422,23,0,1
BRDA:422,23,1,5
BRDA:427,24,0,1
BRDA:427,24,1,5
BRF:109
BRH:105
DA:17,3
DA:18,3
DA:19,3
DA:21,3
DA:30,3
DA:31,3
DA:32,3
DA:34,41
DA:35,41
DA:36,56
DA:37,56
DA:38,12
DA:39,56
DA:40,35
DA:41,35
DA:42,35
DA:43,29
DA:44,29
DA:45,35
DA:46,56
DA:47,41
DA:52,3
DA:53,22
DA:54,22
DA:55,3
DA:56,3
DA:57,3
DA:58,3
DA:59,19
DA:60,19
DA:61,22
DA:64,3
DA:65,7
DA:66,7
DA:67,1
DA:68,1
DA:69,6
DA:70,6
DA:71,7
DA:79,3
DA:80,3
DA:81,3
DA:82,3
DA:83,3
DA:85,10
DA:86,10
DA:87,10
DA:89,10
DA:91,7
DA:92,9
DA:94,5
DA:95,5
DA:96,5
DA:98,8
DA:99,7
DA:100,6
DA:101,7
DA:102,3
DA:103,3
DA:104,7
DA:105,1
DA:106,2
DA:107,2
DA:108,2
DA:109,2
DA:110,1
DA:111,7
DA:112,8
DA:113,1
DA:114,1
DA:115,1
DA:117,1
DA:119,5
DA:120,10
DA:125,3
DA:126,7
DA:127,7
DA:128,10
DA:129,7
DA:130,7
DA:131,7
DA:140,3
DA:141,3
DA:142,3
DA:143,3
DA:144,3
DA:146,10
DA:147,1
DA:148,1
DA:149,1
DA:150,1
DA:152,1
DA:154,10
DA:155,10
DA:156,10
DA:158,10
DA:159,11
DA:160,10
DA:161,10
DA:162,10
DA:169,3
DA:202,3
DA:208,0
DA:209,0
DA:210,0
DA:211,0
DA:212,0
DA:213,0
DA:233,3
DA:234,7
DA:236,7
DA:237,8
DA:238,7
DA:239,7
DA:240,7
DA:293,3
DA:294,3
DA:295,3
DA:298,9
DA:299,5
DA:301,5
DA:302,4
DA:303,4
DA:304,4
DA:305,4
DA:306,4
DA:307,4
DA:308,4
DA:310,5
DA:311,1
DA:312,2
DA:313,1
DA:314,1
DA:317,5
DA:318,1
DA:319,1
DA:320,1
DA:322,1
DA:323,2
DA:324,1
DA:325,1
DA:326,1
DA:327,1
DA:328,2
DA:329,1
DA:331,5
DA:332,5
DA:335,9
DA:337,3
DA:338,3
DA:339,3
DA:341,9
DA:344,2
DA:345,2
DA:346,2
DA:347,2
DA:348,2
DA:350,9
DA:351,3
DA:353,2
DA:354,3
DA:356,1
DA:357,0
DA:359,0
DA:360,0
DA:361,3
DA:363,2
DA:365,2
DA:366,2
DA:367,3
DA:368,3
DA:369,3
DA:371,3
DA:372,3
DA:373,2
DA:374,2
DA:375,2
DA:376,3
DA:377,2
DA:378,2
DA:380,0
DA:381,0
DA:382,0
DA:383,0
DA:384,0
DA:387,2
DA:388,2
DA:389,2
DA:391,2
DA:392,2
DA:393,2
DA:394,4
DA:395,2
DA:396,3
DA:397,3
DA:398,2
DA:399,4
DA:400,2
DA:402,2
DA:403,9
DA:421,3
DA:422,6
DA:424,5
DA:426,5
DA:427,6
DA:428,5
DA:429,5
DA:430,6
LH:194
LF:208
end_of_record
SF:C:\Users\Administrator\WorkBuddy\Claw\src-tmp\packages\adapter-vite\src\virtual-ids.ts
FNF:0
FNH:0
BRF:0
BRH:0
DA:11,1
DA:12,1
DA:14,1
DA:15,1
DA:17,1
DA:18,1
DA:19,1
LH:7
LF:7
end_of_record
SF:C:\Users\Administrator\WorkBuddy\Claw\src-tmp\packages\adapter-vite\src\workspace-alias.ts
FN:16,tryReadJson
FN:27,findWorkspaceRoot
FN:42,generateWorkspaceAliases
FNDA:408,tryReadJson
FNDA:33,findWorkspaceRoot
FNDA:30,generateWorkspaceAliases
FNF:3
FNH:3
BRDA:19,1,0,18
BRDA:19,1,1,390
BRDA:30,2,0,48
BRDA:30,2,1,48
BRDA:32,2,0,30
BRDA:32,2,1,30
BRDA:32,2,2,30
BRDA:32,2,3,18
BRDA:34,2,0,3
BRDA:34,2,1,30
BRDA:44,3,0,0
BRDA:44,3,1,30
BRDA:46,3,0,0
BRDA:46,3,1,30
BRDA:49,3,0,330
BRDA:52,3,0,0
BRDA:52,3,1,330
BRDA:56,3,0,300
BRDA:56,3,1,30
BRDA:56,3,2,300
BRDA:58,3,0,30
BRDA:58,3,1,300
BRDA:61,3,0,270
BRDA:61,3,1,60
BRDA:64,3,0,960
BRDA:65,3,0,270
BRDA:65,3,1,690
BRDA:71,3,0,270
BRDA:71,3,1,60
BRF:29
BRH:26
DA:9,1
DA:16,408
DA:17,408
DA:18,408
DA:19,408
DA:20,18
DA:21,18
DA:22,408
DA:27,1
DA:28,33
DA:29,33
DA:30,33
DA:31,48
DA:32,48
DA:33,18
DA:34,18
DA:35,3
DA:36,33
DA:42,1
DA:43,30
DA:44,0
DA:46,30
DA:47,30
DA:49,30
DA:50,330
DA:51,330
DA:52,0
DA:54,330
DA:55,330
DA:56,330
DA:58,330
DA:59,30
DA:60,30
DA:61,30
DA:64,330
DA:65,960
DA:66,690
DA:67,690
DA:68,690
DA:69,690
DA:70,690
DA:71,690
DA:73,270
DA:74,270
DA:75,270
DA:76,330
DA:77,30
DA:78,30
LH:46
LF:48
end_of_record
SF:C:\Users\Administrator\WorkBuddy\Claw\src-tmp\packages\core\src\adapter-registry.ts
FN:21,registerAdapter
FN:26,getAdapter
FNDA:23,registerAdapter
FNDA:31,getAdapter
FNF:2
FNH:2
BRF:0
BRH:0
DA:18,2
DA:21,2
DA:22,23
DA:23,23
DA:26,2
DA:27,31
DA:28,31
LH:7
LF:7
end_of_record
SF:C:\Users\Administrator\WorkBuddy\Claw\src-tmp\packages\core\src\context.ts
FN:61,extractParams
FN:88,parseQuery
FN:111,createSsrContext
FNDA:7,extractParams
FNDA:7,parseQuery
FNDA:3,createSsrContext
FNF:3
FNH:3
BRDA:72,1,0,0
BRDA:72,1,1,7
BRDA:73,1,0,0
BRDA:73,1,1,7
BRDA:92,3,0,2
BRDA:92,3,1,6
BRDA:94,3,0,0
BRDA:94,3,1,2
BRDA:99,3,0,6
BRDA:99,3,1,2
BRF:10
BRH:7
DA:12,2
DA:26,2
DA:61,2
DA:62,2
DA:63,2
DA:65,7
DA:66,7
DA:67,7
DA:68,7
DA:69,7
DA:70,7
DA:71,7
DA:72,7
DA:73,0
DA:74,0
DA:75,0
DA:76,0
DA:77,0
DA:79,0
DA:80,0
DA:81,7
DA:88,2
DA:89,7
DA:90,7
DA:91,7
DA:92,8
DA:93,2
DA:94,0
DA:95,0
DA:96,0
DA:97,2
DA:98,2
DA:99,8
DA:100,6
DA:101,6
DA:102,6
DA:103,7
DA:104,7
DA:105,7
DA:111,2
DA:112,2
DA:113,2
DA:114,2
DA:116,2
DA:118,3
DA:119,3
DA:120,3
DA:121,3
DA:122,3
DA:123,3
DA:124,3
DA:125,3
DA:126,3
DA:127,3
DA:128,3
LH:45
LF:55
end_of_record
SF:C:\Users\Administrator\WorkBuddy\Claw\src-tmp\packages\core\src\errors.ts
FN:7,<instance_members_initializer>
FN:8,LessError
FN:18,toJSON
FN:29,<instance_members_initializer>
FN:30,SsrRenderError
FNDA:11,<instance_members_initializer>
FNDA:11,LessError
FNDA:1,toJSON
FNDA:5,<instance_members_initializer>
FNDA:5,SsrRenderError
FNF:5
FNH:5
BRF:0
BRH:0
DA:7,15
DA:8,15
DA:9,15
DA:10,15
DA:11,15
DA:12,15
DA:13,15
DA:14,11
DA:15,11
DA:16,11
DA:18,15
DA:19,1
DA:20,1
DA:21,1
DA:22,1
DA:23,1
DA:24,1
DA:25,1
DA:26,15
DA:29,15
DA:30,15
DA:31,15
DA:32,15
DA:33,15
DA:34,5
DA:35,5
DA:36,15
LH:27
LF:27
end_of_record
SF:C:\Users\Administrator\WorkBuddy\Claw\src-tmp\packages\core\src\html-escape.ts
FN:32,escapeHtml
FN:45,escapeAttr
FN:55,escapeAttrValue
FN:65,wrapInDocument
FN:153,renderSsrError
FNDA:35,escapeHtml
FNDA:53,escapeAttr
FNDA:30,escapeAttrValue
FNDA:10,wrapInDocument
FNDA:6,renderSsrError
FNF:5
FNH:5
BRDA:33,1,0,0
BRDA:33,1,1,35
BRDA:34,1,0,0
BRDA:34,1,1,35
BRDA:35,1,0,0
BRDA:35,1,1,35
BRDA:56,3,0,29
BRDA:56,3,1,2
BRDA:56,3,2,28
BRDA:90,4,0,0
BRDA:90,4,1,10
BRDA:96,4,0,1
BRDA:96,4,1,0
BRDA:96,4,2,0
BRDA:104,4,0,2
BRDA:104,4,1,2
BRDA:112,4,0,2
BRDA:112,4,1,8
BRDA:114,4,0,3
BRDA:114,4,1,7
BRDA:118,4,0,1
BRDA:118,4,1,2
BRDA:121,4,0,2
BRDA:121,4,1,1
BRDA:123,4,0,7
BRDA:123,4,1,3
BRDA:158,5,0,5
BRDA:158,5,1,1
BRDA:159,5,0,3
BRDA:159,5,1,3
BRDA:162,5,0,3
BRDA:162,5,1,3
BRDA:163,5,0,2
BRDA:163,5,1,1
BRDA:175,5,0,2
BRDA:175,5,1,1
BRF:36
BRH:30
DA:13,3
DA:15,3
DA:18,3
DA:32,3
DA:33,0
DA:34,0
DA:35,0
DA:36,35
DA:37,35
DA:38,35
DA:39,35
DA:40,35
DA:41,35
DA:42,35
DA:45,3
DA:46,53
DA:47,53
DA:48,53
DA:49,53
DA:50,53
DA:51,53
DA:52,53
DA:55,3
DA:56,30
DA:57,28
DA:58,30
DA:65,3
DA:66,3
DA:67,3
DA:78,3
DA:80,10
DA:81,10
DA:82,10
DA:83,10
DA:84,10
DA:85,10
DA:86,10
DA:87,10
DA:88,10
DA:89,10
DA:90,10
DA:96,0
DA:97,0
DA:98,0
DA:99,0
DA:100,0
DA:102,0
DA:103,10
DA:104,10
DA:105,2
DA:106,2
DA:107,2
DA:108,2
DA:109,2
DA:110,2
DA:111,2
DA:112,10
DA:114,10
DA:115,10
DA:116,3
DA:117,3
DA:118,3
DA:119,3
DA:120,1
DA:121,10
DA:122,10
DA:123,10
DA:124,10
DA:126,10
DA:127,10
DA:129,10
DA:130,10
DA:134,10
DA:135,10
DA:138,10
DA:139,10
DA:141,10
DA:142,10
DA:153,3
DA:154,3
DA:155,3
DA:156,3
DA:158,6
DA:159,6
DA:160,6
DA:162,6
DA:163,3
DA:164,3
DA:169,3
DA:173,3
DA:174,3
DA:175,3
DA:177,3
DA:178,3
DA:180,3
DA:185,3
DA:188,3
DA:189,3
DA:191,3
DA:192,6
LH:91
LF:100
end_of_record
SF:C:\Users\Administrator\WorkBuddy\Claw\src-tmp\packages\core\src\index.ts
FNF:0
FNH:0
BRF:0
BRH:0
DA:30,1
DA:31,1
DA:32,1
DA:33,1
DA:34,1
DA:35,1
DA:37,1
DA:38,1
DA:39,1
DA:40,1
DA:43,1
DA:44,1
DA:45,1
DA:46,1
LH:14
LF:14
end_of_record
SF:C:\Users\Administrator\WorkBuddy\Claw\src-tmp\packages\core\src\island.ts
FN:89,getSSRProps
FN:113,lessBind
FN:138,createVisibleStrategy
FN:144,IntersectionObserver.rootMargin
FN:160,observeAll
FN:196,createLazyStrategy
FN:247,island
FN:279,componentClass.connectedCallback
FN:292,register
FNDA:9,getSSRProps
FNDA:4,lessBind
FNDA:1,createVisibleStrategy
FNDA:0,IntersectionObserver.rootMargin
FNDA:1,observeAll
FNDA:12,createLazyStrategy
FNDA:22,island
FNDA:0,componentClass.connectedCallback
FNDA:19,register
FNF:9
FNH:7
BRDA:91,1,0,2
BRDA:91,1,1,7
BRDA:94,1,0,1
BRDA:94,1,1,8
BRDA:115,2,0,1
BRDA:115,2,1,3
BRDA:120,2,0,1
BRDA:120,2,1,2
BRDA:124,2,0,0
BRDA:124,2,1,1
BRDA:176,3,0,0
BRDA:176,3,1,1
BRDA:162,5,0,0
BRDA:162,5,1,1
BRDA:204,9,0,0
BRDA:204,9,1,12
BRDA:252,11,0,12
BRDA:252,11,1,10
BRDA:256,11,0,21
BRDA:256,11,1,2
BRDA:261,11,0,20
BRDA:261,11,1,2
BRDA:267,11,0,18
BRDA:267,11,1,4
BRDA:268,11,0,2
BRDA:268,11,1,20
BRDA:277,11,0,19
BRDA:277,11,1,3
BRDA:289,11,0,20
BRDA:289,11,1,2
BRDA:309,11,0,7
BRDA:309,11,1,15
BRDA:313,11,0,10
BRDA:313,11,1,12
BRDA:314,11,0,11
BRDA:314,11,1,11
BRDA:318,11,0,1
BRDA:318,11,1,21
BRDA:322,11,0,1
BRDA:322,11,1,21
BRDA:325,11,0,20
BRDA:325,11,1,2
BRDA:293,13,0,17
BRDA:293,13,1,2
BRDA:296,13,0,0
BRDA:296,13,1,17
BRF:46
BRH:41
DA:44,2
DA:45,2
DA:89,2
DA:90,9
DA:91,9
DA:92,7
DA:93,7
DA:94,9
DA:95,1
DA:96,1
DA:97,1
DA:98,9
DA:113,2
DA:114,4
DA:115,4
DA:117,3
DA:118,3
DA:119,3
DA:120,3
DA:121,1
DA:122,1
DA:123,1
DA:124,1
DA:125,1
DA:127,1
DA:128,3
DA:129,4
DA:138,2
DA:139,2
DA:140,2
DA:142,1
DA:143,0
DA:144,0
DA:145,0
DA:146,0
DA:147,0
DA:148,0
DA:149,0
DA:150,0
DA:151,0
DA:152,0
DA:153,0
DA:154,0
DA:155,0
DA:156,1
DA:160,1
DA:161,1
DA:162,0
DA:163,0
DA:164,0
DA:165,0
DA:166,1
DA:167,1
DA:169,0
DA:170,0
DA:171,0
DA:172,0
DA:173,0
DA:176,0
DA:177,0
DA:178,0
DA:179,0
DA:180,0
DA:181,0
DA:182,0
DA:183,1
DA:184,1
DA:185,1
DA:186,1
DA:187,1
DA:196,2
DA:197,12
DA:202,12
DA:203,12
DA:204,0
DA:205,0
DA:206,0
DA:207,0
DA:208,0
DA:209,12
DA:247,2
DA:248,2
DA:249,2
DA:250,2
DA:252,22
DA:253,22
DA:256,22
DA:257,2
DA:258,2
DA:259,2
DA:261,2
DA:264,20
DA:265,20
DA:266,20
DA:267,22
DA:268,22
DA:269,22
DA:271,22
DA:276,22
DA:277,22
DA:278,19
DA:279,0
DA:281,0
DA:282,0
DA:283,0
DA:285,0
DA:286,0
DA:287,0
DA:288,0
DA:289,19
DA:292,20
DA:293,19
DA:294,17
DA:295,17
DA:296,0
DA:297,0
DA:298,0
DA:299,0
DA:300,0
DA:301,0
DA:303,0
DA:304,17
DA:305,20
DA:308,20
DA:309,22
DA:310,7
DA:311,7
DA:313,22
DA:314,22
DA:315,11
DA:316,11
DA:318,22
DA:319,1
DA:320,1
DA:322,22
DA:323,1
DA:324,1
DA:325,22
DA:327,20
DA:328,22
DA:335,2
LH:92
LF:141
end_of_record
SF:C:\Users\Administrator\WorkBuddy\Claw\src-tmp\packages\core\src\logger.ts
FN:40,<instance_members_initializer>
FN:41,LessLogger
FN:43,logError
FN:53,logWarn
FN:61,logInfo
FN:65,logDebug
FN:80,createLogger
FNDA:27,<instance_members_initializer>
FNDA:27,LessLogger
FNDA:10,logError
FNDA:4,logWarn
FNDA:40,logInfo
FNDA:16,logDebug
FNDA:27,createLogger
FNF:7
FNH:7
BRDA:36,0,0,0
BRDA:36,0,1,14
BRDA:44,4,0,4
BRDA:44,4,1,6
BRDA:46,4,0,6
BRDA:46,4,1,0
BRDA:54,5,0,0
BRDA:54,5,1,4
BRDA:81,8,0,1
BRDA:81,8,1,26
BRF:10
BRH:7
DA:11,14
DA:15,14
DA:16,14
DA:26,14
DA:27,14
DA:28,14
DA:29,14
DA:30,14
DA:31,14
DA:36,14
DA:40,14
DA:41,27
DA:43,27
DA:44,10
DA:45,4
DA:46,0
DA:47,0
DA:48,0
DA:49,6
DA:50,6
DA:51,10
DA:53,27
DA:54,0
DA:55,0
DA:56,0
DA:57,4
DA:58,4
DA:59,4
DA:61,27
DA:62,40
DA:63,40
DA:65,27
DA:66,16
DA:67,16
DA:68,16
DA:69,16
DA:72,27
DA:73,27
DA:74,27
DA:75,27
DA:76,14
DA:80,14
DA:81,27
DA:82,27
DA:83,27
LH:39
LF:45
end_of_record
SF:C:\Users\Administrator\WorkBuddy\Claw\src-tmp\packages\core\src\navigation.ts
FN:54,hasNavigationApi
FN:69,navigate
FN:102,onNavigate
FN:132,matchRoute
FNDA:0,hasNavigationApi
FNDA:0,navigate
FNDA:0,onNavigate
FNDA:0,matchRoute
FNF:4
FNH:0
BRF:0
BRH:0
DA:15,1
DA:17,1
DA:54,0
DA:55,0
DA:56,0
DA:69,0
DA:70,0
DA:71,0
DA:72,0
DA:73,0
DA:74,0
DA:75,0
DA:76,0
DA:77,0
DA:79,0
DA:80,0
DA:81,0
DA:82,0
DA:83,0
DA:85,0
DA:86,0
DA:87,0
DA:102,0
DA:103,0
DA:104,0
DA:105,0
DA:106,0
DA:107,0
DA:108,0
DA:109,0
DA:110,0
DA:111,0
DA:112,0
DA:113,0
DA:114,0
DA:115,0
DA:116,0
DA:118,0
DA:119,0
DA:120,0
DA:121,0
DA:122,0
DA:123,0
DA:124,0
DA:132,0
DA:133,0
DA:134,0
DA:136,0
DA:137,0
DA:139,0
DA:140,0
DA:141,0
DA:142,0
DA:143,0
DA:144,0
DA:145,0
DA:146,0
DA:147,0
DA:148,0
DA:149,0
DA:150,0
DA:151,0
DA:152,0
DA:153,0
DA:155,0
DA:156,0
DA:159,0
DA:160,0
DA:161,0
DA:162,0
DA:163,0
DA:164,0
DA:165,0
DA:167,0
DA:168,0
LH:2
LF:75
end_of_record
SF:C:\Users\Administrator\WorkBuddy\Claw\src-tmp\packages\core\src\render-dsd.ts
FN:49,camelToKebab
FN:54,serializeAttributes
FN:100,renderDSD
FN:250,buildDsdTemplateAttrs
FN:267,isLitTemplateResultHeuristic
FN:286,renderDSDByName
FNDA:10,camelToKebab
FNDA:30,serializeAttributes
FNDA:33,renderDSD
FNDA:25,buildDsdTemplateAttrs
FNDA:1,isLitTemplateResultHeuristic
FNDA:1,renderDSDByName
FNF:6
FNH:6
BRDA:56,2,0,13
BRDA:56,2,1,17
BRDA:57,2,0,12
BRDA:57,2,1,11
BRDA:57,2,2,3
BRDA:57,2,3,10
BRDA:62,2,0,1
BRDA:62,2,1,12
BRDA:64,2,0,9
BRDA:64,2,1,1
BRDA:69,2,0,8
BRDA:69,2,1,1
BRDA:73,2,0,9
BRDA:73,2,1,21
BRDA:109,3,0,3
BRDA:109,3,1,30
BRDA:110,3,0,2
BRDA:110,3,1,1
BRDA:111,3,0,2
BRDA:111,3,1,1
BRDA:112,3,0,30
BRDA:112,3,1,3
BRDA:119,3,0,4
BRDA:119,3,1,29
BRDA:120,3,0,0
BRDA:120,3,1,4
BRDA:126,3,0,3
BRDA:126,3,1,2
BRDA:126,3,2,2
BRDA:127,3,0,3
BRDA:127,3,1,2
BRDA:127,3,2,2
BRDA:130,3,0,29
BRDA:130,3,1,4
BRDA:133,3,0,13
BRDA:133,3,1,20
BRDA:136,3,0,1
BRDA:136,3,1,12
BRDA:140,3,0,0
BRDA:140,3,1,1
BRDA:144,3,0,29
BRDA:144,3,1,4
BRDA:151,3,0,1
BRDA:151,3,1,32
BRDA:153,3,0,27
BRDA:153,3,1,25
BRDA:155,3,0,2
BRDA:155,3,1,25
BRDA:158,3,0,1
BRDA:158,3,1,1
BRDA:158,3,2,1
BRDA:158,3,3,1
BRDA:161,3,0,0
BRDA:161,3,1,1
BRDA:171,3,0,1
BRDA:171,3,1,32
BRDA:172,3,0,0
BRDA:172,3,1,1
BRDA:173,3,0,0
BRDA:173,3,1,1
BRDA:175,3,0,0
BRDA:175,3,1,1
BRDA:179,3,0,0
BRDA:179,3,1,1
BRDA:182,3,0,29
BRDA:182,3,1,4
BRDA:191,3,0,3
BRDA:191,3,1,2
BRDA:193,3,0,0
BRDA:193,3,1,2
BRDA:194,3,0,1
BRDA:194,3,1,1
BRDA:197,3,0,0
BRDA:197,3,1,1
BRDA:200,3,0,29
BRDA:200,3,1,4
BRDA:205,3,0,9
BRDA:205,3,1,26
BRDA:205,3,2,24
BRDA:209,3,0,0
BRDA:209,3,1,33
BRDA:218,3,0,29
BRDA:218,3,1,4
BRDA:220,3,0,4
BRDA:220,3,1,29
BRDA:223,3,0,2
BRDA:223,3,1,2
BRDA:224,3,0,2
BRDA:224,3,1,2
BRDA:227,3,0,25
BRDA:227,3,1,8
BRDA:231,3,0,8
BRDA:231,3,1,25
BRDA:232,3,0,17
BRDA:232,3,1,16
BRDA:234,3,0,1
BRDA:234,3,1,24
BRDA:251,4,0,19
BRDA:251,4,1,6
BRDA:253,4,0,2
BRDA:253,4,1,6
BRDA:254,4,0,2
BRDA:254,4,1,6
BRDA:255,4,0,1
BRDA:255,4,1,6
BRDA:256,4,0,1
BRDA:256,4,1,24
BRDA:258,4,0,6
BRDA:258,4,1,19
BRDA:292,6,0,0
BRDA:292,6,1,1
BRDA:298,6,0,0
BRDA:298,6,1,1
BRF:113
BRH:101
DA:30,2
DA:32,2
DA:33,2
DA:34,2
DA:36,2
DA:49,2
DA:50,10
DA:51,10
DA:54,2
DA:55,30
DA:56,30
DA:57,13
DA:60,10
DA:61,10
DA:62,13
DA:63,1
DA:64,13
DA:68,1
DA:69,9
DA:70,8
DA:71,8
DA:72,13
DA:73,30
DA:74,30
DA:100,2
DA:101,2
DA:102,2
DA:103,2
DA:104,2
DA:105,2
DA:106,2
DA:108,33
DA:109,33
DA:110,33
DA:111,33
DA:112,33
DA:113,33
DA:116,33
DA:117,33
DA:118,33
DA:119,33
DA:120,4
DA:121,4
DA:122,4
DA:123,4
DA:124,4
DA:125,4
DA:126,4
DA:127,4
DA:128,4
DA:130,4
DA:133,33
DA:134,13
DA:135,13
DA:136,13
DA:137,1
DA:138,1
DA:139,1
DA:140,1
DA:141,1
DA:143,1
DA:144,13
DA:148,29
DA:149,29
DA:150,29
DA:151,33
DA:152,1
DA:153,33
DA:154,25
DA:155,27
DA:156,2
DA:158,2
DA:159,1
DA:160,1
DA:161,1
DA:162,1
DA:163,1
DA:164,1
DA:165,1
DA:167,1
DA:168,1
DA:169,1
DA:170,2
DA:171,33
DA:172,1
DA:173,1
DA:174,1
DA:175,1
DA:177,1
DA:178,1
DA:179,1
DA:180,1
DA:181,1
DA:182,1
DA:184,29
DA:186,29
DA:189,29
DA:190,29
DA:191,33
DA:192,2
DA:193,2
DA:194,2
DA:195,1
DA:196,1
DA:197,1
DA:199,1
DA:200,2
DA:204,29
DA:205,33
DA:208,33
DA:209,0
DA:210,0
DA:211,0
DA:212,0
DA:213,0
DA:214,0
DA:215,0
DA:216,0
DA:217,0
DA:218,0
DA:220,33
DA:222,4
DA:223,4
DA:224,4
DA:225,4
DA:226,4
DA:227,4
DA:230,25
DA:231,33
DA:232,33
DA:233,33
DA:234,33
DA:237,33
DA:239,33
DA:240,33
DA:241,33
DA:243,33
DA:244,33
DA:250,2
DA:251,25
DA:252,6
DA:253,25
DA:254,25
DA:255,25
DA:256,25
DA:257,1
DA:258,1
DA:259,6
DA:260,25
DA:267,2
DA:268,1
DA:269,1
DA:270,1
DA:286,2
DA:287,2
DA:288,2
DA:289,2
DA:290,2
DA:292,1
DA:294,1
DA:295,1
DA:296,1
DA:297,1
DA:298,1
DA:300,0
DA:301,1
LH:155
LF:166
end_of_record
SF:C:\Users\Administrator\WorkBuddy\Claw\src-tmp\packages\core\src\render-nested.ts
FN:29,kebabToCamel
FN:39,parseAttrsToProps
FN:82,elementAlreadyHasDSD
FN:100,isCustomElementName
FN:112,inferDsdOptions
FN:131,isInsideDsdTemplate
FN:175,renderNestedCustomElements
FN:193,collectCustomElements
FNDA:0,kebabToCamel
FNDA:0,parseAttrsToProps
FNDA:0,elementAlreadyHasDSD
FNDA:0,isCustomElementName
FNDA:0,inferDsdOptions
FNDA:0,isInsideDsdTemplate
FNDA:29,renderNestedCustomElements
FNDA:0,collectCustomElements
FNF:8
FNH:1
BRDA:180,7,0,0
BRDA:180,7,1,0
BRDA:224,7,0,0
BRDA:224,7,1,29
BRF:4
BRH:1
DA:17,2
DA:29,0
DA:30,0
DA:31,0
DA:39,0
DA:40,0
DA:41,0
DA:42,0
DA:43,0
DA:44,0
DA:46,0
DA:47,0
DA:49,0
DA:50,0
DA:51,0
DA:53,0
DA:55,0
DA:56,0
DA:57,0
DA:58,0
DA:59,0
DA:60,0
DA:61,0
DA:62,0
DA:63,0
DA:64,0
DA:65,0
DA:66,0
DA:67,0
DA:68,0
DA:69,0
DA:70,0
DA:82,0
DA:83,0
DA:84,0
DA:85,0
DA:86,0
DA:87,0
DA:89,0
DA:90,0
DA:91,0
DA:92,0
DA:93,0
DA:94,0
DA:95,0
DA:100,0
DA:101,0
DA:102,0
DA:112,0
DA:113,0
DA:114,0
DA:116,0
DA:117,0
DA:118,0
DA:119,0
DA:120,0
DA:121,0
DA:123,0
DA:124,0
DA:131,0
DA:132,0
DA:133,0
DA:134,0
DA:135,0
DA:136,0
DA:137,0
DA:138,0
DA:140,0
DA:141,0
DA:142,0
DA:143,0
DA:144,0
DA:145,0
DA:146,0
DA:147,0
DA:175,2
DA:176,2
DA:177,2
DA:178,2
DA:180,29
DA:183,0
DA:185,0
DA:188,0
DA:191,0
DA:193,0
DA:194,0
DA:195,0
DA:198,0
DA:199,0
DA:200,0
DA:201,0
DA:202,0
DA:205,0
DA:206,0
DA:209,0
DA:212,0
DA:215,0
DA:218,0
DA:220,0
DA:221,0
DA:224,0
DA:225,0
DA:226,0
DA:229,0
DA:230,0
DA:231,0
DA:232,0
DA:234,0
DA:235,0
DA:238,0
DA:241,0
DA:244,0
DA:248,0
DA:249,0
DA:250,0
DA:255,0
DA:256,0
DA:258,0
DA:259,0
DA:261,0
DA:262,0
DA:263,0
DA:264,0
DA:265,0
DA:267,0
DA:268,0
DA:271,0
DA:275,0
DA:276,0
DA:277,0
DA:278,0
DA:279,0
DA:283,0
DA:285,0
DA:286,0
DA:287,0
DA:288,0
DA:289,0
DA:290,0
DA:291,0
DA:292,0
DA:293,0
DA:294,0
DA:297,0
DA:298,29
LH:7
LF:145
end_of_record
SF:C:\Users\Administrator\WorkBuddy\Claw\src-tmp\packages\core\src\strategy-recommender.ts
FN:45,recommendStrategy
FN:87,buildRecommendation
FNDA:8,recommendStrategy
FNDA:1,buildRecommendation
FNF:2
FNH:2
BRDA:49,1,0,2
BRDA:49,1,1,1
BRDA:54,1,0,7
BRDA:54,1,1,1
BRDA:56,1,0,1
BRDA:56,1,1,7
BRDA:61,1,0,6
BRDA:61,1,1,2
BRDA:63,1,0,3
BRDA:63,1,1,5
BRDA:70,1,0,2
BRDA:70,1,1,6
BRDA:75,1,0,1
BRDA:75,1,1,7
BRDA:98,2,0,0
BRDA:98,2,1,1
BRF:16
BRH:15
DA:45,1
DA:49,8
DA:50,1
DA:51,1
DA:52,1
DA:53,1
DA:54,1
DA:56,8
DA:57,1
DA:58,1
DA:59,1
DA:60,1
DA:61,1
DA:63,8
DA:64,3
DA:65,3
DA:66,3
DA:67,3
DA:68,3
DA:70,8
DA:71,2
DA:72,2
DA:73,2
DA:74,2
DA:75,2
DA:77,1
DA:78,1
DA:79,1
DA:80,1
DA:81,8
DA:87,1
DA:88,1
DA:89,1
DA:90,1
DA:92,1
DA:95,1
DA:98,1
DA:99,1
DA:100,1
DA:102,1
DA:103,1
DA:104,1
DA:105,1
DA:106,1
DA:107,1
DA:108,1
LH:46
LF:46
end_of_record
SF:C:\Users\Administrator\WorkBuddy\Claw\src-tmp\packages\core\src\types.ts
FN:386,<instance_members_initializer>
FN:388,add
FN:392,get metrics
FN:396,getReport
FNDA:4,<instance_members_initializer>
FNDA:5,add
FNDA:2,get metrics
FNDA:3,getReport
FNF:4
FNH:4
BRF:0
BRH:0
DA:385,1
DA:386,1
DA:388,1
DA:389,5
DA:390,5
DA:392,1
DA:393,2
DA:394,2
DA:396,1
DA:397,3
DA:398,3
DA:399,3
DA:400,3
DA:403,3
DA:404,3
DA:405,3
DA:406,3
DA:407,3
DA:408,3
DA:409,3
DA:410,3
DA:411,3
DA:412,1
LH:23
LF:23
end_of_record
SF:C:\Users\Administrator\WorkBuddy\Claw\src-tmp\packages\signals\src\engine.ts
FN:12,warn
FN:15,error
FNDA:0,warn
FNDA:0,error
FNF:2
FNH:0
BRF:0
BRH:0
DA:11,8
DA:12,0
DA:13,0
DA:14,0
DA:15,0
DA:16,0
DA:17,0
DA:18,8
DA:21,8
DA:22,8
DA:88,1
DA:91,8
DA:93,8
LH:7
LF:13
end_of_record
SF:C:\Users\Administrator\WorkBuddy\Claw\src-tmp\packages\signals\src\framework.ts
FN:17,signal
FN:21,get value
FN:24,set value
FN:27,subscribe
FN:39,computed
FN:43,get value
FN:46,subscribe
FN:59,effect
FNDA:56,signal
FNDA:73,get value
FNDA:38,set value
FNDA:7,subscribe
FNDA:10,computed
FNDA:16,get value
FNDA:2,subscribe
FNDA:29,effect
FNF:8
FNH:8
BRDA:90,10,0,0
BRDA:90,10,1,29
BRDA:64,11,0,1
BRDA:64,11,1,42
BRDA:73,13,0,16
BRDA:77,13,0,0
BRDA:77,13,1,16
BRDA:95,14,0,4
BRDA:95,14,1,12
BRF:9
BRH:7
DA:10,8
DA:17,8
DA:18,56
DA:20,56
DA:21,56
DA:22,73
DA:23,56
DA:24,56
DA:25,38
DA:26,56
DA:27,56
DA:28,7
DA:29,11
DA:30,7
DA:31,7
DA:32,7
DA:33,56
DA:34,56
DA:39,8
DA:40,10
DA:42,10
DA:43,10
DA:44,16
DA:45,10
DA:46,10
DA:47,2
DA:48,2
DA:49,2
DA:50,2
DA:51,2
DA:52,10
DA:53,10
DA:59,8
DA:60,29
DA:61,29
DA:63,29
DA:64,43
DA:65,43
DA:66,29
DA:68,29
DA:69,15
DA:70,15
DA:71,15
DA:72,15
DA:73,15
DA:74,16
DA:76,16
DA:77,0
DA:78,0
DA:79,0
DA:80,16
DA:81,15
DA:82,15
DA:83,15
DA:84,29
DA:87,29
DA:88,29
DA:89,29
DA:90,0
DA:91,0
DA:92,0
DA:94,29
DA:95,16
DA:96,16
DA:97,29
DA:98,29
LH:60
LF:66
end_of_record
SF:C:\Users\Administrator\WorkBuddy\Claw\src-tmp\packages\signals\src\index.ts
FNF:0
FNH:0
BRF:0
BRH:0
DA:34,8
DA:35,8
DA:38,8
DA:39,8
DA:41,8
DA:42,8
DA:43,8
DA:44,8
DA:45,8
DA:46,8
DA:47,8
DA:48,8
DA:49,8
DA:50,8
DA:51,8
LH:15
LF:15
end_of_record
SF:C:\Users\Administrator\WorkBuddy\Claw\src-tmp\packages\signals\src\polyfill.ts
FN:38,producerMustRecompute
FN:39,producerRecomputeValue
FN:40,consumerMarkedDirty
FN:41,consumerOnSignalRead
FN:46,_setActiveConsumer
FN:52,_producerAccessed
FN:75,_producerIncrementEpoch
FN:79,_producerUpdateValueVersion
FN:91,_producerNotifyConsumers
FN:104,_consumerMarkDirty
FN:110,_consumerBeforeComputation
FN:115,_consumerAfterComputation
FN:133,_consumerPollProducersForChange
FN:145,_producerAddLiveConsumer
FN:162,_producerRemoveLiveConsumerAtIndex
FN:184,_consumerIsLive
FN:188,_assertConsumerNode
FN:194,_assertProducerNode
FN:201,_createPolyfill
FN:208,<instance_members_initializer>
FN:209,#brand
FN:211,State
FN:214,equal
FN:226,get
FN:234,set
FN:251,<instance_members_initializer>
FN:252,#brand
FN:254,Computed
FN:257,equal
FN:265,Computed.node.producerMustRecompute
FN:266,Computed.node.producerRecomputeValue
FN:289,get
FN:302,<instance_members_initializer>
FN:303,#brand
FN:305,Watcher
FN:315,watch
FN:325,unwatch
FN:347,getPending
FN:362,isState
FN:364,isComputed
FN:366,isWatcher
FN:369,untrack
FN:378,currentComputed
FN:382,introspectSources
FN:386,introspectSinks
FN:390,hasSinks
FN:394,hasSources
FNDA:3,producerMustRecompute
FNDA:0,producerRecomputeValue
FNDA:15,consumerMarkedDirty
FNDA:109,consumerOnSignalRead
FNDA:218,_setActiveConsumer
FNDA:191,_producerAccessed
FNDA:37,_producerIncrementEpoch
FNDA:66,_producerUpdateValueVersion
FNDA:67,_producerNotifyConsumers
FNDA:30,_consumerMarkDirty
FNDA:59,_consumerBeforeComputation
FNDA:59,_consumerAfterComputation
FNDA:24,_consumerPollProducersForChange
FNDA:75,_producerAddLiveConsumer
FNDA:30,_producerRemoveLiveConsumerAtIndex
FNDA:143,_consumerIsLive
FNDA:254,_assertConsumerNode
FNDA:105,_assertProducerNode
FNDA:8,_createPolyfill
FNDA:56,<instance_members_initializer>
FNDA:0,#brand
FNDA:56,State
FNDA:38,equal
FNDA:84,get
FNDA:38,set
FNDA:39,<instance_members_initializer>
FNDA:0,#brand
FNDA:39,Computed
FNDA:0,equal
FNDA:60,Computed.node.producerMustRecompute
FNDA:59,Computed.node.producerRecomputeValue
FNDA:63,get
FNDA:29,<instance_members_initializer>
FNDA:0,#brand
FNDA:29,Watcher
FNDA:44,watch
FNDA:16,unwatch
FNDA:15,getPending
FNDA:0,isState
FNDA:0,isComputed
FNDA:0,isWatcher
FNDA:6,untrack
FNDA:0,currentComputed
FNDA:0,introspectSources
FNDA:0,introspectSinks
FNDA:0,hasSinks
FNDA:0,hasSources
FNF:47
FNH:34
BRDA:53,6,0,0
BRDA:53,6,1,191
BRDA:54,6,0,175
BRDA:54,6,1,82
BRDA:54,6,2,109
BRDA:58,6,0,25
BRDA:58,6,1,0
BRDA:65,6,0,109
BRDA:65,6,1,82
BRDA:66,6,0,84
BRDA:66,6,1,107
BRDA:68,6,0,72
BRDA:68,6,1,12
BRDA:69,6,0,12
BRDA:69,6,1,72
BRDA:71,6,0,109
BRDA:71,6,1,82
BRDA:80,8,0,52
BRDA:80,8,1,3
BRDA:80,8,2,63
BRDA:81,8,0,24
BRDA:81,8,1,4
BRDA:85,8,0,59
BRDA:85,8,1,7
BRDA:92,9,0,32
BRDA:92,9,1,55
BRDA:92,9,2,47
BRDA:92,9,3,35
BRDA:96,9,0,36
BRDA:96,9,1,11
BRDA:97,9,0,30
BRDA:97,9,1,6
BRDA:98,9,0,35
BRDA:98,9,1,20
BRDA:107,10,0,0
BRDA:107,10,1,30
BRDA:120,12,0,0
BRDA:120,12,1,59
BRDA:121,12,0,43
BRDA:121,12,1,16
BRDA:122,12,0,0
BRDA:122,12,1,43
BRDA:126,12,0,0
BRDA:126,12,1,59
BRDA:135,13,0,23
BRDA:135,13,1,1
BRDA:138,13,0,20
BRDA:138,13,1,18
BRDA:138,13,2,3
BRDA:140,13,0,0
BRDA:140,13,1,18
BRDA:141,13,0,4
BRDA:141,13,1,20
BRDA:152,14,0,60
BRDA:152,14,1,15
BRDA:153,14,0,0
BRDA:153,14,1,60
BRDA:154,14,0,3
BRDA:154,14,1,57
BRDA:165,15,0,28
BRDA:165,15,1,2
BRDA:166,15,0,0
BRDA:166,15,1,28
BRDA:167,15,0,13
BRDA:167,15,1,15
BRDA:176,15,0,0
BRDA:176,15,1,30
BRDA:185,16,0,99
BRDA:185,16,1,71
BRDA:185,16,2,28
BRDA:219,22,0,0
BRDA:219,22,1,56
BRDA:227,24,0,0
BRDA:227,24,1,84
BRDA:235,25,0,0
BRDA:235,25,1,38
BRDA:238,25,0,0
BRDA:238,25,1,38
BRDA:240,25,0,37
BRDA:240,25,1,1
BRDA:282,28,0,0
BRDA:282,28,1,39
BRDA:273,31,0,0
BRDA:273,31,1,59
BRDA:290,32,0,0
BRDA:290,32,1,63
BRDA:295,32,0,0
BRDA:295,32,1,63
BRDA:328,37,0,17
BRDA:337,37,0,0
BRDA:337,37,1,17
BRF:91
BRH:72
DA:11,8
DA:13,8
DA:18,8
DA:22,8
DA:23,8
DA:24,8
DA:26,8
DA:27,8
DA:28,8
DA:29,8
DA:30,8
DA:31,8
DA:32,8
DA:33,8
DA:34,8
DA:35,8
DA:36,8
DA:37,8
DA:38,8
DA:39,8
DA:40,8
DA:41,8
DA:42,8
DA:46,218
DA:47,218
DA:48,218
DA:49,218
DA:50,218
DA:52,191
DA:53,0
DA:54,191
DA:55,109
DA:56,109
DA:57,109
DA:58,0
DA:59,0
DA:60,0
DA:61,0
DA:62,0
DA:64,0
DA:65,0
DA:66,191
DA:67,84
DA:68,84
DA:69,84
DA:70,84
DA:71,84
DA:72,109
DA:73,191
DA:75,37
DA:76,37
DA:77,37
DA:79,66
DA:80,66
DA:81,66
DA:82,4
DA:83,4
DA:84,4
DA:85,4
DA:86,59
DA:87,59
DA:88,59
DA:89,66
DA:91,67
DA:92,67
DA:93,35
DA:94,35
DA:95,35
DA:96,47
DA:97,36
DA:98,36
DA:99,35
DA:100,35
DA:101,35
DA:102,67
DA:104,30
DA:105,30
DA:106,30
DA:107,30
DA:108,30
DA:110,59
DA:111,59
DA:112,59
DA:113,59
DA:115,59
DA:116,59
DA:117,59
DA:119,59
DA:120,0
DA:121,59
DA:122,0
DA:123,0
DA:124,0
DA:125,43
DA:126,0
DA:127,0
DA:128,0
DA:129,0
DA:130,0
DA:131,59
DA:133,24
DA:134,24
DA:135,24
DA:136,23
DA:137,23
DA:138,23
DA:139,3
DA:140,0
DA:141,23
DA:142,4
DA:143,24
DA:145,75
DA:146,75
DA:147,75
DA:148,75
DA:150,75
DA:151,75
DA:152,75
DA:153,60
DA:154,60
DA:155,3
DA:156,3
DA:157,60
DA:158,75
DA:159,75
DA:160,75
DA:162,30
DA:163,30
DA:164,30
DA:165,30
DA:166,28
DA:167,28
DA:168,13
DA:169,13
DA:170,28
DA:171,30
DA:172,30
DA:173,30
DA:174,30
DA:175,30
DA:176,0
DA:177,0
DA:178,0
DA:179,0
DA:180,0
DA:181,0
DA:182,30
DA:184,143
DA:185,143
DA:186,143
DA:188,254
DA:189,254
DA:190,254
DA:191,254
DA:192,254
DA:194,105
DA:195,105
DA:196,105
DA:197,105
DA:199,1
DA:201,8
DA:202,8
DA:203,8
DA:204,8
DA:207,8
DA:208,8
DA:209,0
DA:211,8
DA:212,56
DA:213,56
DA:214,56
DA:215,56
DA:216,56
DA:217,56
DA:218,56
DA:219,0
DA:220,0
DA:221,0
DA:222,0
DA:223,0
DA:224,56
DA:226,8
DA:227,0
DA:228,0
DA:229,0
DA:230,84
DA:231,84
DA:232,84
DA:234,8
DA:235,0
DA:236,0
DA:237,0
DA:238,0
DA:239,38
DA:240,38
DA:241,37
DA:242,37
DA:243,37
DA:244,37
DA:245,37
DA:246,38
DA:247,8
DA:250,8
DA:251,8
DA:252,0
DA:254,8
DA:255,39
DA:256,39
DA:257,39
DA:258,39
DA:259,39
DA:260,39
DA:261,39
DA:262,39
DA:263,39
DA:265,39
DA:266,39
DA:267,59
DA:268,59
DA:269,59
DA:270,59
DA:271,59
DA:272,59
DA:273,0
DA:274,0
DA:275,0
DA:276,0
DA:277,59
DA:278,59
DA:279,39
DA:281,39
DA:282,0
DA:283,0
DA:284,0
DA:285,0
DA:286,0
DA:287,39
DA:289,8
DA:290,0
DA:291,0
DA:292,0
DA:293,63
DA:294,63
DA:295,0
DA:296,63
DA:297,63
DA:298,8
DA:301,8
DA:302,8
DA:303,0
DA:305,8
DA:306,29
DA:307,29
DA:308,29
DA:309,29
DA:310,29
DA:311,29
DA:312,29
DA:313,29
DA:315,8
DA:316,44
DA:317,44
DA:318,44
DA:319,44
DA:320,44
DA:321,44
DA:322,44
DA:323,44
DA:325,8
DA:326,16
DA:327,16
DA:328,16
DA:329,17
DA:330,17
DA:331,17
DA:332,17
DA:333,17
DA:334,17
DA:335,17
DA:336,17
DA:337,0
DA:338,0
DA:339,0
DA:340,0
DA:341,0
DA:342,0
DA:343,17
DA:344,17
DA:345,16
DA:347,8
DA:348,15
DA:349,15
DA:350,15
DA:351,8
DA:354,8
DA:355,8
DA:358,8
DA:359,8
DA:360,8
DA:362,8
DA:364,8
DA:366,8
DA:367,8
DA:368,8
DA:369,8
DA:370,6
DA:371,6
DA:372,6
DA:373,6
DA:374,6
DA:375,6
DA:376,8
DA:378,0
DA:379,0
DA:380,0
DA:382,0
DA:383,0
DA:384,0
DA:386,0
DA:387,0
DA:388,0
DA:390,0
DA:391,0
DA:392,0
DA:394,0
DA:395,0
DA:396,0
DA:397,8
DA:398,8
DA:399,8
DA:400,8
DA:401,8
DA:403,8
DA:404,8
LH:261
LF:334
end_of_record
SF:C:\Users\Administrator\WorkBuddy\Claw\src-tmp\packages\signals\src\sugar.ts
FN:17,islandEffect
FN:25,teardown
FN:37,observeParent
FN:65,batch
FN:72,untracked
FN:83,channel
FN:92,emit
FN:102,on
FN:103,fullEvent
FN:105,listener
FN:111,once
FN:112,fullEvent
FN:114,listener
FN:128,createThemeSignal
FN:157,isNativeSignal
FNDA:8,islandEffect
FNDA:10,teardown
FNDA:8,observeParent
FNDA:5,batch
FNDA:6,untracked
FNDA:5,channel
FNDA:1,emit
FNDA:1,on
FNDA:1,fullEvent
FNDA:0,listener
FNDA:1,once
FNDA:1,fullEvent
FNDA:0,listener
FNDA:8,createThemeSignal
FNDA:2,isNativeSignal
FNF:15
FNH:13
BRDA:78,0,0,0
BRDA:78,0,1,8
BRDA:26,2,0,2
BRDA:26,2,1,8
BRDA:39,4,0,0
BRDA:39,4,1,8
BRDA:93,9,0,0
BRDA:93,9,1,1
BRDA:103,10,0,0
BRDA:103,10,1,1
BRDA:112,14,0,0
BRDA:112,14,1,1
BRDA:130,18,0,0
BRDA:130,18,1,8
BRDA:135,18,0,0
BRDA:135,18,1,8
BRF:16
BRH:9
DA:10,8
DA:11,8
DA:17,8
DA:18,8
DA:19,8
DA:21,8
DA:23,8
DA:25,8
DA:26,10
DA:27,8
DA:28,8
DA:29,8
DA:30,8
DA:31,10
DA:33,8
DA:34,3
DA:35,8
DA:37,8
DA:38,8
DA:39,8
DA:40,8
DA:41,8
DA:42,8
DA:43,8
DA:44,8
DA:47,8
DA:51,0
DA:52,0
DA:53,0
DA:54,0
DA:55,0
DA:56,0
DA:57,0
DA:59,8
DA:60,8
DA:65,8
DA:66,5
DA:67,5
DA:72,8
DA:73,6
DA:74,6
DA:78,8
DA:83,8
DA:84,5
DA:85,5
DA:86,5
DA:88,5
DA:90,5
DA:91,5
DA:92,5
DA:93,1
DA:94,0
DA:95,0
DA:96,0
DA:97,0
DA:98,0
DA:99,0
DA:101,0
DA:102,5
DA:103,1
DA:104,0
DA:105,0
DA:106,0
DA:107,0
DA:108,0
DA:109,0
DA:110,0
DA:111,5
DA:112,1
DA:113,0
DA:114,0
DA:115,0
DA:116,0
DA:117,0
DA:118,0
DA:119,0
DA:120,0
DA:121,0
DA:122,0
DA:123,5
DA:124,5
DA:128,8
DA:129,8
DA:130,8
DA:131,8
DA:132,8
DA:135,0
DA:136,0
DA:137,0
DA:138,0
DA:139,0
DA:140,0
DA:141,0
DA:142,0
DA:143,0
DA:144,0
DA:146,8
DA:147,8
DA:152,8
DA:157,8
DA:159,2
DA:160,2
LH:61
LF:102
end_of_record
