SF:C:\Users\Administrator\WorkBuddy\Claw\src-tmp\packages\signals\src\engine.ts
FN:12,warn
FN:15,error
FNDA:0,warn
FNDA:0,error
FNF:2
FNH:0
BRF:0
BRH:0
DA:11,8
DA:12,0
DA:13,0
DA:14,0
DA:15,0
DA:16,0
DA:17,0
DA:18,8
DA:21,8
DA:22,8
DA:88,1
DA:91,8
DA:93,8
LH:7
LF:13
end_of_record
SF:C:\Users\Administrator\WorkBuddy\Claw\src-tmp\packages\signals\src\framework.ts
FN:17,signal
FN:21,get value
FN:24,set value
FN:27,subscribe
FN:39,computed
FN:43,get value
FN:46,subscribe
FN:59,effect
FNDA:56,signal
FNDA:73,get value
FNDA:38,set value
FNDA:7,subscribe
FNDA:10,computed
FNDA:16,get value
FNDA:2,subscribe
FNDA:29,effect
FNF:8
FNH:8
BRDA:90,10,0,0
BRDA:90,10,1,29
BRDA:64,11,0,1
BRDA:64,11,1,42
BRDA:73,13,0,16
BRDA:77,13,0,0
BRDA:77,13,1,16
BRDA:95,14,0,4
BRDA:95,14,1,12
BRF:9
BRH:7
DA:10,8
DA:17,8
DA:18,56
DA:20,56
DA:21,56
DA:22,73
DA:23,56
DA:24,56
DA:25,38
DA:26,56
DA:27,56
DA:28,7
DA:29,11
DA:30,7
DA:31,7
DA:32,7
DA:33,56
DA:34,56
DA:39,8
DA:40,10
DA:42,10
DA:43,10
DA:44,16
DA:45,10
DA:46,10
DA:47,2
DA:48,2
DA:49,2
DA:50,2
DA:51,2
DA:52,10
DA:53,10
DA:59,8
DA:60,29
DA:61,29
DA:63,29
DA:64,43
DA:65,43
DA:66,29
DA:68,29
DA:69,15
DA:70,15
DA:71,15
DA:72,15
DA:73,15
DA:74,16
DA:76,16
DA:77,0
DA:78,0
DA:79,0
DA:80,16
DA:81,15
DA:82,15
DA:83,15
DA:84,29
DA:87,29
DA:88,29
DA:89,29
DA:90,0
DA:91,0
DA:92,0
DA:94,29
DA:95,16
DA:96,16
DA:97,29
DA:98,29
LH:60
LF:66
end_of_record
SF:C:\Users\Administrator\WorkBuddy\Claw\src-tmp\packages\signals\src\index.ts
FNF:0
FNH:0
BRF:0
BRH:0
DA:34,8
DA:35,8
DA:38,8
DA:39,8
DA:41,8
DA:42,8
DA:43,8
DA:44,8
DA:45,8
DA:46,8
DA:47,8
DA:48,8
DA:49,8
DA:50,8
DA:51,8
LH:15
LF:15
end_of_record
SF:C:\Users\Administrator\WorkBuddy\Claw\src-tmp\packages\signals\src\polyfill.ts
FN:38,producerMustRecompute
FN:39,producerRecomputeValue
FN:40,consumerMarkedDirty
FN:41,consumerOnSignalRead
FN:46,_setActiveConsumer
FN:52,_producerAccessed
FN:75,_producerIncrementEpoch
FN:79,_producerUpdateValueVersion
FN:91,_producerNotifyConsumers
FN:104,_consumerMarkDirty
FN:110,_consumerBeforeComputation
FN:115,_consumerAfterComputation
FN:133,_consumerPollProducersForChange
FN:145,_producerAddLiveConsumer
FN:162,_producerRemoveLiveConsumerAtIndex
FN:184,_consumerIsLive
FN:188,_assertConsumerNode
FN:194,_assertProducerNode
FN:201,_createPolyfill
FN:208,<instance_members_initializer>
FN:209,#brand
FN:211,State
FN:214,equal
FN:226,get
FN:234,set
FN:251,<instance_members_initializer>
FN:252,#brand
FN:254,Computed
FN:257,equal
FN:265,Computed.node.producerMustRecompute
FN:266,Computed.node.producerRecomputeValue
FN:289,get
FN:302,<instance_members_initializer>
FN:303,#brand
FN:305,Watcher
FN:315,watch
FN:325,unwatch
FN:347,getPending
FN:362,isState
FN:364,isComputed
FN:366,isWatcher
FN:369,untrack
FN:378,currentComputed
FN:382,introspectSources
FN:386,introspectSinks
FN:390,hasSinks
FN:394,hasSources
FNDA:3,producerMustRecompute
FNDA:0,producerRecomputeValue
FNDA:15,consumerMarkedDirty
FNDA:109,consumerOnSignalRead
FNDA:218,_setActiveConsumer
FNDA:191,_producerAccessed
FNDA:37,_producerIncrementEpoch
FNDA:66,_producerUpdateValueVersion
FNDA:67,_producerNotifyConsumers
FNDA:30,_consumerMarkDirty
FNDA:59,_consumerBeforeComputation
FNDA:59,_consumerAfterComputation
FNDA:24,_consumerPollProducersForChange
FNDA:75,_producerAddLiveConsumer
FNDA:30,_producerRemoveLiveConsumerAtIndex
FNDA:143,_consumerIsLive
FNDA:254,_assertConsumerNode
FNDA:105,_assertProducerNode
FNDA:8,_createPolyfill
FNDA:56,<instance_members_initializer>
FNDA:0,#brand
FNDA:56,State
FNDA:38,equal
FNDA:84,get
FNDA:38,set
FNDA:39,<instance_members_initializer>
FNDA:0,#brand
FNDA:39,Computed
FNDA:0,equal
FNDA:60,Computed.node.producerMustRecompute
FNDA:59,Computed.node.producerRecomputeValue
FNDA:63,get
FNDA:29,<instance_members_initializer>
FNDA:0,#brand
FNDA:29,Watcher
FNDA:44,watch
FNDA:16,unwatch
FNDA:15,getPending
FNDA:0,isState
FNDA:0,isComputed
FNDA:0,isWatcher
FNDA:6,untrack
FNDA:0,currentComputed
FNDA:0,introspectSources
FNDA:0,introspectSinks
FNDA:0,hasSinks
FNDA:0,hasSources
FNF:47
FNH:34
BRDA:53,6,0,0
BRDA:53,6,1,191
BRDA:54,6,0,175
BRDA:54,6,1,82
BRDA:54,6,2,109
BRDA:58,6,0,25
BRDA:58,6,1,0
BRDA:65,6,0,109
BRDA:65,6,1,82
BRDA:66,6,0,84
BRDA:66,6,1,107
BRDA:68,6,0,72
BRDA:68,6,1,12
BRDA:69,6,0,12
BRDA:69,6,1,72
BRDA:71,6,0,109
BRDA:71,6,1,82
BRDA:80,8,0,52
BRDA:80,8,1,3
BRDA:80,8,2,63
BRDA:81,8,0,24
BRDA:81,8,1,4
BRDA:85,8,0,59
BRDA:85,8,1,7
BRDA:92,9,0,32
BRDA:92,9,1,55
BRDA:92,9,2,47
BRDA:92,9,3,35
BRDA:96,9,0,36
BRDA:96,9,1,11
BRDA:97,9,0,30
BRDA:97,9,1,6
BRDA:98,9,0,35
BRDA:98,9,1,20
BRDA:107,10,0,0
BRDA:107,10,1,30
BRDA:120,12,0,0
BRDA:120,12,1,59
BRDA:121,12,0,43
BRDA:121,12,1,16
BRDA:122,12,0,0
BRDA:122,12,1,43
BRDA:126,12,0,0
BRDA:126,12,1,59
BRDA:135,13,0,23
BRDA:135,13,1,1
BRDA:138,13,0,20
BRDA:138,13,1,18
BRDA:138,13,2,3
BRDA:140,13,0,0
BRDA:140,13,1,18
BRDA:141,13,0,4
BRDA:141,13,1,20
BRDA:152,14,0,60
BRDA:152,14,1,15
BRDA:153,14,0,0
BRDA:153,14,1,60
BRDA:154,14,0,3
BRDA:154,14,1,57
BRDA:165,15,0,28
BRDA:165,15,1,2
BRDA:166,15,0,0
BRDA:166,15,1,28
BRDA:167,15,0,13
BRDA:167,15,1,15
BRDA:176,15,0,0
BRDA:176,15,1,30
BRDA:185,16,0,99
BRDA:185,16,1,71
BRDA:185,16,2,28
BRDA:219,22,0,0
BRDA:219,22,1,56
BRDA:227,24,0,0
BRDA:227,24,1,84
BRDA:235,25,0,0
BRDA:235,25,1,38
BRDA:238,25,0,0
BRDA:238,25,1,38
BRDA:240,25,0,37
BRDA:240,25,1,1
BRDA:282,28,0,0
BRDA:282,28,1,39
BRDA:273,31,0,0
BRDA:273,31,1,59
BRDA:290,32,0,0
BRDA:290,32,1,63
BRDA:295,32,0,0
BRDA:295,32,1,63
BRDA:328,37,0,17
BRDA:337,37,0,0
BRDA:337,37,1,17
BRF:91
BRH:72
DA:11,8
DA:13,8
DA:18,8
DA:22,8
DA:23,8
DA:24,8
DA:26,8
DA:27,8
DA:28,8
DA:29,8
DA:30,8
DA:31,8
DA:32,8
DA:33,8
DA:34,8
DA:35,8
DA:36,8
DA:37,8
DA:38,8
DA:39,8
DA:40,8
DA:41,8
DA:42,8
DA:46,218
DA:47,218
DA:48,218
DA:49,218
DA:50,218
DA:52,191
DA:53,0
DA:54,191
DA:55,109
DA:56,109
DA:57,109
DA:58,0
DA:59,0
DA:60,0
DA:61,0
DA:62,0
DA:64,0
DA:65,0
DA:66,191
DA:67,84
DA:68,84
DA:69,84
DA:70,84
DA:71,84
DA:72,109
DA:73,191
DA:75,37
DA:76,37
DA:77,37
DA:79,66
DA:80,66
DA:81,66
DA:82,4
DA:83,4
DA:84,4
DA:85,4
DA:86,59
DA:87,59
DA:88,59
DA:89,66
DA:91,67
DA:92,67
DA:93,35
DA:94,35
DA:95,35
DA:96,47
DA:97,36
DA:98,36
DA:99,35
DA:100,35
DA:101,35
DA:102,67
DA:104,30
DA:105,30
DA:106,30
DA:107,30
DA:108,30
DA:110,59
DA:111,59
DA:112,59
DA:113,59
DA:115,59
DA:116,59
DA:117,59
DA:119,59
DA:120,0
DA:121,59
DA:122,0
DA:123,0
DA:124,0
DA:125,43
DA:126,0
DA:127,0
DA:128,0
DA:129,0
DA:130,0
DA:131,59
DA:133,24
DA:134,24
DA:135,24
DA:136,23
DA:137,23
DA:138,23
DA:139,3
DA:140,0
DA:141,23
DA:142,4
DA:143,24
DA:145,75
DA:146,75
DA:147,75
DA:148,75
DA:150,75
DA:151,75
DA:152,75
DA:153,60
DA:154,60
DA:155,3
DA:156,3
DA:157,60
DA:158,75
DA:159,75
DA:160,75
DA:162,30
DA:163,30
DA:164,30
DA:165,30
DA:166,28
DA:167,28
DA:168,13
DA:169,13
DA:170,28
DA:171,30
DA:172,30
DA:173,30
DA:174,30
DA:175,30
DA:176,0
DA:177,0
DA:178,0
DA:179,0
DA:180,0
DA:181,0
DA:182,30
DA:184,143
DA:185,143
DA:186,143
DA:188,254
DA:189,254
DA:190,254
DA:191,254
DA:192,254
DA:194,105
DA:195,105
DA:196,105
DA:197,105
DA:199,1
DA:201,8
DA:202,8
DA:203,8
DA:204,8
DA:207,8
DA:208,8
DA:209,0
DA:211,8
DA:212,56
DA:213,56
DA:214,56
DA:215,56
DA:216,56
DA:217,56
DA:218,56
DA:219,0
DA:220,0
DA:221,0
DA:222,0
DA:223,0
DA:224,56
DA:226,8
DA:227,0
DA:228,0
DA:229,0
DA:230,84
DA:231,84
DA:232,84
DA:234,8
DA:235,0
DA:236,0
DA:237,0
DA:238,0
DA:239,38
DA:240,38
DA:241,37
DA:242,37
DA:243,37
DA:244,37
DA:245,37
DA:246,38
DA:247,8
DA:250,8
DA:251,8
DA:252,0
DA:254,8
DA:255,39
DA:256,39
DA:257,39
DA:258,39
DA:259,39
DA:260,39
DA:261,39
DA:262,39
DA:263,39
DA:265,39
DA:266,39
DA:267,59
DA:268,59
DA:269,59
DA:270,59
DA:271,59
DA:272,59
DA:273,0
DA:274,0
DA:275,0
DA:276,0
DA:277,59
DA:278,59
DA:279,39
DA:281,39
DA:282,0
DA:283,0
DA:284,0
DA:285,0
DA:286,0
DA:287,39
DA:289,8
DA:290,0
DA:291,0
DA:292,0
DA:293,63
DA:294,63
DA:295,0
DA:296,63
DA:297,63
DA:298,8
DA:301,8
DA:302,8
DA:303,0
DA:305,8
DA:306,29
DA:307,29
DA:308,29
DA:309,29
DA:310,29
DA:311,29
DA:312,29
DA:313,29
DA:315,8
DA:316,44
DA:317,44
DA:318,44
DA:319,44
DA:320,44
DA:321,44
DA:322,44
DA:323,44
DA:325,8
DA:326,16
DA:327,16
DA:328,16
DA:329,17
DA:330,17
DA:331,17
DA:332,17
DA:333,17
DA:334,17
DA:335,17
DA:336,17
DA:337,0
DA:338,0
DA:339,0
DA:340,0
DA:341,0
DA:342,0
DA:343,17
DA:344,17
DA:345,16
DA:347,8
DA:348,15
DA:349,15
DA:350,15
DA:351,8
DA:354,8
DA:355,8
DA:358,8
DA:359,8
DA:360,8
DA:362,8
DA:364,8
DA:366,8
DA:367,8
DA:368,8
DA:369,8
DA:370,6
DA:371,6
DA:372,6
DA:373,6
DA:374,6
DA:375,6
DA:376,8
DA:378,0
DA:379,0
DA:380,0
DA:382,0
DA:383,0
DA:384,0
DA:386,0
DA:387,0
DA:388,0
DA:390,0
DA:391,0
DA:392,0
DA:394,0
DA:395,0
DA:396,0
DA:397,8
DA:398,8
DA:399,8
DA:400,8
DA:401,8
DA:403,8
DA:404,8
LH:261
LF:334
end_of_record
SF:C:\Users\Administrator\WorkBuddy\Claw\src-tmp\packages\signals\src\sugar.ts
FN:17,islandEffect
FN:25,teardown
FN:37,observeParent
FN:65,batch
FN:72,untracked
FN:83,channel
FN:92,emit
FN:102,on
FN:103,fullEvent
FN:105,listener
FN:111,once
FN:112,fullEvent
FN:114,listener
FN:128,createThemeSignal
FN:157,isNativeSignal
FNDA:8,islandEffect
FNDA:10,teardown
FNDA:8,observeParent
FNDA:5,batch
FNDA:6,untracked
FNDA:5,channel
FNDA:1,emit
FNDA:1,on
FNDA:1,fullEvent
FNDA:0,listener
FNDA:1,once
FNDA:1,fullEvent
FNDA:0,listener
FNDA:8,createThemeSignal
FNDA:2,isNativeSignal
FNF:15
FNH:13
BRDA:78,0,0,0
BRDA:78,0,1,8
BRDA:26,2,0,2
BRDA:26,2,1,8
BRDA:39,4,0,0
BRDA:39,4,1,8
BRDA:93,9,0,0
BRDA:93,9,1,1
BRDA:103,10,0,0
BRDA:103,10,1,1
BRDA:112,14,0,0
BRDA:112,14,1,1
BRDA:130,18,0,0
BRDA:130,18,1,8
BRDA:135,18,0,0
BRDA:135,18,1,8
BRF:16
BRH:9
DA:10,8
DA:11,8
DA:17,8
DA:18,8
DA:19,8
DA:21,8
DA:23,8
DA:25,8
DA:26,10
DA:27,8
DA:28,8
DA:29,8
DA:30,8
DA:31,10
DA:33,8
DA:34,3
DA:35,8
DA:37,8
DA:38,8
DA:39,8
DA:40,8
DA:41,8
DA:42,8
DA:43,8
DA:44,8
DA:47,8
DA:51,0
DA:52,0
DA:53,0
DA:54,0
DA:55,0
DA:56,0
DA:57,0
DA:59,8
DA:60,8
DA:65,8
DA:66,5
DA:67,5
DA:72,8
DA:73,6
DA:74,6
DA:78,8
DA:83,8
DA:84,5
DA:85,5
DA:86,5
DA:88,5
DA:90,5
DA:91,5
DA:92,5
DA:93,1
DA:94,0
DA:95,0
DA:96,0
DA:97,0
DA:98,0
DA:99,0
DA:101,0
DA:102,5
DA:103,1
DA:104,0
DA:105,0
DA:106,0
DA:107,0
DA:108,0
DA:109,0
DA:110,0
DA:111,5
DA:112,1
DA:113,0
DA:114,0
DA:115,0
DA:116,0
DA:117,0
DA:118,0
DA:119,0
DA:120,0
DA:121,0
DA:122,0
DA:123,5
DA:124,5
DA:128,8
DA:129,8
DA:130,8
DA:131,8
DA:132,8
DA:135,0
DA:136,0
DA:137,0
DA:138,0
DA:139,0
DA:140,0
DA:141,0
DA:142,0
DA:143,0
DA:144,0
DA:146,8
DA:147,8
DA:152,8
DA:157,8
DA:159,2
DA:160,2
LH:61
LF:102
end_of_record
